#-----------------------------------------------------------
# Vivado v2020.2 (64-bit)
# SW Build 3064766 on Wed Nov 18 09:12:45 MST 2020
# IP Build 3064653 on Wed Nov 18 14:17:31 MST 2020
# Start of session at: Sun May 25 21:32:41 2025
# Process ID: 34892
# Current directory: E:/my_VHDL_project/Nexys4DDRVGAMouseOverlay/Nexys4DDRVGAMouseOverlay/Nexys4DDRVGAMouseOverlay
# Command line: vivado.exe -gui_launcher_event rodinguilauncherevent16960 E:\my_VHDL_project\Nexys4DDRVGAMouseOverlay\Nexys4DDRVGAMouseOverlay\Nexys4DDRVGAMouseOverlay\Nexys4DDRVGAMouseOverlay.xpr
# Log file: E:/my_VHDL_project/Nexys4DDRVGAMouseOverlay/Nexys4DDRVGAMouseOverlay/Nexys4DDRVGAMouseOverlay/vivado.log
# Journal file: E:/my_VHDL_project/Nexys4DDRVGAMouseOverlay/Nexys4DDRVGAMouseOverlay/Nexys4DDRVGAMouseOverlay\vivado.jou
#-----------------------------------------------------------
start_gui
open_project E:/my_VHDL_project/Nexys4DDRVGAMouseOverlay/Nexys4DDRVGAMouseOverlay/Nexys4DDRVGAMouseOverlay/Nexys4DDRVGAMouseOverlay.xpr
INFO: [ProjectBase 1-489] The host OS only allows 260 characters in a normal path. The project is stored in a path with more than 80 characters. If you experience issues with IP, Block Designs, or files not being found, please consider moving the project to a location with a shorter path. Alternately consider using the OS subst command to map part of the path to a drive letter.
Current project path is 'E:/my_VHDL_project/Nexys4DDRVGAMouseOverlay/Nexys4DDRVGAMouseOverlay/Nexys4DDRVGAMouseOverlay'
INFO: [Project 1-313] Project file moved from 'C:/Users/lzh/Downloads/Nexys4DDRVGAMouseOverlay/Nexys4DDRVGAMouseOverlay' since last save.
Scanning sources...
Finished scanning sources
INFO: [IP_Flow 19-234] Refreshing IP repositories
INFO: [IP_Flow 19-1704] No user IP repositories specified
INFO: [IP_Flow 19-2313] Loaded Vivado IP repository 'D:/vivado/Vivado/2020.2/data/ip'.
update_compile_order -fileset sources_1
close [ open E:/my_VHDL_project/Nexys4DDRVGAMouseOverlay/Nexys4DDRVGAMouseOverlay/Nexys4DDRVGAMouseOverlay/Nexys4DDRVGAMouseOverlay.srcs/sources_1/new/text_renderer.vhd w ]
add_files E:/my_VHDL_project/Nexys4DDRVGAMouseOverlay/Nexys4DDRVGAMouseOverlay/Nexys4DDRVGAMouseOverlay/Nexys4DDRVGAMouseOverlay.srcs/sources_1/new/text_renderer.vhd
update_compile_order -fileset sources_1
close [ open E:/my_VHDL_project/Nexys4DDRVGAMouseOverlay/Nexys4DDRVGAMouseOverlay/Nexys4DDRVGAMouseOverlay/Nexys4DDRVGAMouseOverlay.srcs/sources_1/new/char_to_matrix.vhd w ]
add_files E:/my_VHDL_project/Nexys4DDRVGAMouseOverlay/Nexys4DDRVGAMouseOverlay/Nexys4DDRVGAMouseOverlay/Nexys4DDRVGAMouseOverlay.srcs/sources_1/new/char_to_matrix.vhd
update_compile_order -fileset sources_1
update_compile_order -fileset sources_1
reset_run synth_1
launch_runs impl_1 -to_step write_bitstream -jobs 20
[Sun May 25 21:37:14 2025] Launched synth_1...
Run output will be captured here: E:/my_VHDL_project/Nexys4DDRVGAMouseOverlay/Nexys4DDRVGAMouseOverlay/Nexys4DDRVGAMouseOverlay/Nexys4DDRVGAMouseOverlay.runs/synth_1/runme.log
[Sun May 25 21:37:14 2025] Launched impl_1...
Run output will be captured here: E:/my_VHDL_project/Nexys4DDRVGAMouseOverlay/Nexys4DDRVGAMouseOverlay/Nexys4DDRVGAMouseOverlay/Nexys4DDRVGAMouseOverlay.runs/impl_1/runme.log
open_hw_manager
connect_hw_server -allow_non_jtag
INFO: [Labtools 27-2285] Connecting to hw_server url TCP:localhost:3121
INFO: [Labtools 27-2222] Launching hw_server...
INFO: [Labtools 27-2221] Launch Output:

****** Xilinx hw_server v2020.2
  **** Build date : Nov 18 2020 at 10:01:48
    ** Copyright 1986-2020 Xilinx, Inc. All Rights Reserved.


INFO: [Labtools 27-3415] Connecting to cs_server url TCP:localhost:3042
INFO: [Labtools 27-3417] Launching cs_server...
INFO: [Labtools 27-2221] Launch Output:


******** Xilinx cs_server v2020.2
  ****** Build date   : Nov 04 2020-05:02:56
    **** Build number : 2020.2.1604437376
      ** Copyright 2017-2020 Xilinx, Inc. All Rights Reserved.



connect_hw_server: Time (s): cpu = 00:00:01 ; elapsed = 00:00:07 . Memory (MB): peak = 1159.469 ; gain = 13.348
open_hw_target
INFO: [Labtoolstcl 44-466] Opening hw_target localhost:3121/xilinx_tcf/Digilent/210292B61AEBA
set_property PROGRAM.FILE {E:/my_VHDL_project/Nexys4DDRVGAMouseOverlay/Nexys4DDRVGAMouseOverlay/Nexys4DDRVGAMouseOverlay/Nexys4DDRVGAMouseOverlay.runs/impl_1/vga_ctrl.bit} [get_hw_devices xc7a100t_0]
current_hw_device [get_hw_devices xc7a100t_0]
refresh_hw_device -update_hw_probes false [lindex [get_hw_devices xc7a100t_0] 0]
INFO: [Labtools 27-1434] Device xc7a100t (JTAG device index = 0) is programmed with a design that has no supported debug core(s) in it.
set_property PROBES.FILE {} [get_hw_devices xc7a100t_0]
set_property FULL_PROBES.FILE {} [get_hw_devices xc7a100t_0]
set_property PROGRAM.FILE {E:/my_VHDL_project/Nexys4DDRVGAMouseOverlay/Nexys4DDRVGAMouseOverlay/Nexys4DDRVGAMouseOverlay/Nexys4DDRVGAMouseOverlay.runs/impl_1/vga_ctrl.bit} [get_hw_devices xc7a100t_0]
program_hw_devices [get_hw_devices xc7a100t_0]
INFO: [Labtools 27-3164] End of startup status: HIGH
refresh_hw_device [lindex [get_hw_devices xc7a100t_0] 0]
INFO: [Labtools 27-1434] Device xc7a100t (JTAG device index = 0) is programmed with a design that has no supported debug core(s) in it.
reset_run synth_1
launch_runs impl_1 -to_step write_bitstream -jobs 20
[Sun May 25 21:42:07 2025] Launched synth_1...
Run output will be captured here: E:/my_VHDL_project/Nexys4DDRVGAMouseOverlay/Nexys4DDRVGAMouseOverlay/Nexys4DDRVGAMouseOverlay/Nexys4DDRVGAMouseOverlay.runs/synth_1/runme.log
[Sun May 25 21:42:08 2025] Launched impl_1...
Run output will be captured here: E:/my_VHDL_project/Nexys4DDRVGAMouseOverlay/Nexys4DDRVGAMouseOverlay/Nexys4DDRVGAMouseOverlay/Nexys4DDRVGAMouseOverlay.runs/impl_1/runme.log
set_property PROBES.FILE {} [get_hw_devices xc7a100t_0]
set_property FULL_PROBES.FILE {} [get_hw_devices xc7a100t_0]
set_property PROGRAM.FILE {E:/my_VHDL_project/Nexys4DDRVGAMouseOverlay/Nexys4DDRVGAMouseOverlay/Nexys4DDRVGAMouseOverlay/Nexys4DDRVGAMouseOverlay.runs/impl_1/vga_ctrl.bit} [get_hw_devices xc7a100t_0]
program_hw_devices [get_hw_devices xc7a100t_0]
INFO: [Labtools 27-3164] End of startup status: HIGH
refresh_hw_device [lindex [get_hw_devices xc7a100t_0] 0]
INFO: [Labtools 27-1434] Device xc7a100t (JTAG device index = 0) is programmed with a design that has no supported debug core(s) in it.
ERROR: [Labtoolstcl 44-513] HW Target shutdown. Closing target: localhost:3121/xilinx_tcf/Digilent/210292B61AEBA
disconnect_hw_server localhost:3121
connect_hw_server -allow_non_jtag
INFO: [Labtools 27-2285] Connecting to hw_server url TCP:localhost:3121
INFO: [Labtools 27-3415] Connecting to cs_server url TCP:localhost:3042
INFO: [Labtools 27-3414] Connected to existing cs_server.
open_hw_target
INFO: [Labtoolstcl 44-466] Opening hw_target localhost:3121/xilinx_tcf/Digilent/210292746665A
set_property PROGRAM.FILE {E:/my_VHDL_project/Nexys4DDRVGAMouseOverlay/Nexys4DDRVGAMouseOverlay/Nexys4DDRVGAMouseOverlay/Nexys4DDRVGAMouseOverlay.runs/impl_1/vga_ctrl.bit} [get_hw_devices xc7a100t_0]
current_hw_device [get_hw_devices xc7a100t_0]
refresh_hw_device -update_hw_probes false [lindex [get_hw_devices xc7a100t_0] 0]
INFO: [Labtools 27-1435] Device xc7a100t (JTAG device index = 0) is not programmed (DONE status = 0).
set_property PROBES.FILE {} [get_hw_devices xc7a100t_0]
set_property FULL_PROBES.FILE {} [get_hw_devices xc7a100t_0]
set_property PROGRAM.FILE {E:/my_VHDL_project/Nexys4DDRVGAMouseOverlay/Nexys4DDRVGAMouseOverlay/Nexys4DDRVGAMouseOverlay/Nexys4DDRVGAMouseOverlay.runs/impl_1/vga_ctrl.bit} [get_hw_devices xc7a100t_0]
program_hw_devices [get_hw_devices xc7a100t_0]
INFO: [Labtools 27-3164] End of startup status: HIGH
refresh_hw_device [lindex [get_hw_devices xc7a100t_0] 0]
INFO: [Labtools 27-1434] Device xc7a100t (JTAG device index = 0) is programmed with a design that has no supported debug core(s) in it.
close_hw_manager
reset_run synth_1
launch_runs impl_1 -to_step write_bitstream -jobs 20
[Sun May 25 22:06:43 2025] Launched synth_1...
Run output will be captured here: E:/my_VHDL_project/Nexys4DDRVGAMouseOverlay/Nexys4DDRVGAMouseOverlay/Nexys4DDRVGAMouseOverlay/Nexys4DDRVGAMouseOverlay.runs/synth_1/runme.log
[Sun May 25 22:06:43 2025] Launched impl_1...
Run output will be captured here: E:/my_VHDL_project/Nexys4DDRVGAMouseOverlay/Nexys4DDRVGAMouseOverlay/Nexys4DDRVGAMouseOverlay/Nexys4DDRVGAMouseOverlay.runs/impl_1/runme.log
reset_run synth_1
launch_runs synth_1 -jobs 20
[Sun May 25 22:12:48 2025] Launched synth_1...
Run output will be captured here: E:/my_VHDL_project/Nexys4DDRVGAMouseOverlay/Nexys4DDRVGAMouseOverlay/Nexys4DDRVGAMouseOverlay/Nexys4DDRVGAMouseOverlay.runs/synth_1/runme.log
synth_design -rtl -rtl_skip_mlo -name rtl_1
Command: synth_design -rtl -rtl_skip_mlo -name rtl_1
Starting synth_design
Using part: xc7a100tcsg324-1
Top: vga_ctrl
INFO: [Device 21-403] Loading part xc7a100tcsg324-1
---------------------------------------------------------------------------------
Starting RTL Elaboration : Time (s): cpu = 00:00:00 ; elapsed = 00:00:02 . Memory (MB): peak = 3316.930 ; gain = 256.559
---------------------------------------------------------------------------------
ERROR: [Synth 8-2032] formal x_start is not declared [E:/my_VHDL_project/Nexys4DDRVGAMouseOverlay/Nexys4DDRVGAMouseOverlay/Nexys4DDRVGAMouseOverlay/Nexys4DDRVGAMouseOverlay.srcs/sources_1/imports/Basys3_Basic_Demo_1/vga_ctrl.vhd:282]
ERROR: [Synth 8-2029] formal char_addr has no actual or default value [E:/my_VHDL_project/Nexys4DDRVGAMouseOverlay/Nexys4DDRVGAMouseOverlay/Nexys4DDRVGAMouseOverlay/Nexys4DDRVGAMouseOverlay.srcs/sources_1/imports/Basys3_Basic_Demo_1/vga_ctrl.vhd:276]
INFO: [Synth 8-994] char_addr is declared here [E:/my_VHDL_project/Nexys4DDRVGAMouseOverlay/Nexys4DDRVGAMouseOverlay/Nexys4DDRVGAMouseOverlay/Nexys4DDRVGAMouseOverlay.srcs/sources_1/imports/Basys3_Basic_Demo_1/vga_ctrl.vhd:82]
INFO: [Synth 8-994] x_pos is declared here [E:/my_VHDL_project/Nexys4DDRVGAMouseOverlay/Nexys4DDRVGAMouseOverlay/Nexys4DDRVGAMouseOverlay/Nexys4DDRVGAMouseOverlay.srcs/sources_1/imports/Basys3_Basic_Demo_1/vga_ctrl.vhd:83]
INFO: [Synth 8-994] y_pos is declared here [E:/my_VHDL_project/Nexys4DDRVGAMouseOverlay/Nexys4DDRVGAMouseOverlay/Nexys4DDRVGAMouseOverlay/Nexys4DDRVGAMouseOverlay.srcs/sources_1/imports/Basys3_Basic_Demo_1/vga_ctrl.vhd:84]
INFO: [Synth 8-2810] unit behavioral ignored due to previous errors [E:/my_VHDL_project/Nexys4DDRVGAMouseOverlay/Nexys4DDRVGAMouseOverlay/Nexys4DDRVGAMouseOverlay/Nexys4DDRVGAMouseOverlay.srcs/sources_1/imports/Basys3_Basic_Demo_1/vga_ctrl.vhd:24]
---------------------------------------------------------------------------------
Finished RTL Elaboration : Time (s): cpu = 00:00:00 ; elapsed = 00:00:03 . Memory (MB): peak = 3363.219 ; gain = 302.848
---------------------------------------------------------------------------------
RTL Elaboration failed
5 Infos, 0 Warnings, 0 Critical Warnings and 3 Errors encountered.
synth_design failed
ERROR: [Vivado_Tcl 4-5] Elaboration failed - please see the console for details
exit
INFO: [Common 17-206] Exiting Vivado at Sun May 25 22:14:00 2025...
