#-----------------------------------------------------------
# Vivado v2020.2 (64-bit)
# SW Build 3064766 on Wed Nov 18 09:12:45 MST 2020
# IP Build 3064653 on Wed Nov 18 14:17:31 MST 2020
# Start of session at: Sat May 24 20:53:29 2025
# Process ID: 3756
# Current directory: D:/Xilinx/project/project/pro/Nexys4DDRVGAMouseOverlay/Nexys4DDRVGAMouseOverlay/Nexys4DDRVGAMouseOverlay
# Command line: vivado.exe -gui_launcher_event rodinguilauncherevent38564 D:\Xilinx\project\project\pro\Nexys4DDRVGAMouseOverlay\Nexys4DDRVGAMouseOverlay\Nexys4DDRVGAMouseOverlay\Nexys4DDRVGAMouseOverlay.xpr
# Log file: D:/Xilinx/project/project/pro/Nexys4DDRVGAMouseOverlay/Nexys4DDRVGAMouseOverlay/Nexys4DDRVGAMouseOverlay/vivado.log
# Journal file: D:/Xilinx/project/project/pro/Nexys4DDRVGAMouseOverlay/Nexys4DDRVGAMouseOverlay/Nexys4DDRVGAMouseOverlay\vivado.jou
#-----------------------------------------------------------
start_gui
open_project D:/Xilinx/project/project/pro/Nexys4DDRVGAMouseOverlay/Nexys4DDRVGAMouseOverlay/Nexys4DDRVGAMouseOverlay/Nexys4DDRVGAMouseOverlay.xpr
INFO: [ProjectBase 1-489] The host OS only allows 260 characters in a normal path. The project is stored in a path with more than 80 characters. If you experience issues with IP, Block Designs, or files not being found, please consider moving the project to a location with a shorter path. Alternately consider using the OS subst command to map part of the path to a drive letter.
Current project path is 'D:/Xilinx/project/project/pro/Nexys4DDRVGAMouseOverlay/Nexys4DDRVGAMouseOverlay/Nexys4DDRVGAMouseOverlay'
INFO: [Project 1-313] Project file moved from 'C:/Users/lzh/Desktop/Nexys4DDRVGAMouseOverlay/Nexys4DDRVGAMouseOverlay/Nexys4DDRVGAMouseOverlay' since last save.
Scanning sources...
Finished scanning sources
INFO: [IP_Flow 19-234] Refreshing IP repositories
INFO: [IP_Flow 19-1704] No user IP repositories specified
INFO: [IP_Flow 19-2313] Loaded Vivado IP repository 'D:/Xilinx/APP/Vivado/2020.2/data/ip'.
open_project: Time (s): cpu = 00:00:20 ; elapsed = 00:00:08 . Memory (MB): peak = 1144.520 ; gain = 0.000
update_compile_order -fileset sources_1
open_hw_manager
connect_hw_server -allow_non_jtag
INFO: [Labtools 27-2285] Connecting to hw_server url TCP:localhost:3121
INFO: [Labtools 27-2222] Launching hw_server...
INFO: [Labtools 27-2221] Launch Output:

****** Xilinx hw_server v2020.2
  **** Build date : Nov 18 2020 at 10:01:48
    ** Copyright 1986-2020 Xilinx, Inc. All Rights Reserved.


INFO: [Labtools 27-3415] Connecting to cs_server url TCP:localhost:3042
INFO: [Labtools 27-3417] Launching cs_server...
INFO: [Labtools 27-2221] Launch Output:


******** Xilinx cs_server v2020.2
  ****** Build date   : Nov 04 2020-05:02:56
    **** Build number : 2020.2.1604437376
      ** Copyright 2017-2020 Xilinx, Inc. All Rights Reserved.



connect_hw_server: Time (s): cpu = 00:00:01 ; elapsed = 00:00:12 . Memory (MB): peak = 1144.520 ; gain = 0.000
open_hw_target
INFO: [Labtoolstcl 44-466] Opening hw_target localhost:3121/xilinx_tcf/Digilent/210292747978A
set_property PROGRAM.FILE {D:/Xilinx/project/project/pro/Nexys4DDRVGAMouseOverlay/Nexys4DDRVGAMouseOverlay/Nexys4DDRVGAMouseOverlay/Nexys4DDRVGAMouseOverlay.runs/impl_1/vga_ctrl.bit} [get_hw_devices xc7a100t_0]
current_hw_device [get_hw_devices xc7a100t_0]
refresh_hw_device -update_hw_probes false [lindex [get_hw_devices xc7a100t_0] 0]
INFO: [Labtools 27-1434] Device xc7a100t (JTAG device index = 0) is programmed with a design that has no supported debug core(s) in it.
set_property PROBES.FILE {} [get_hw_devices xc7a100t_0]
set_property FULL_PROBES.FILE {} [get_hw_devices xc7a100t_0]
set_property PROGRAM.FILE {D:/Xilinx/project/project/pro/Nexys4DDRVGAMouseOverlay/Nexys4DDRVGAMouseOverlay/Nexys4DDRVGAMouseOverlay/Nexys4DDRVGAMouseOverlay.runs/impl_1/vga_ctrl.bit} [get_hw_devices xc7a100t_0]
program_hw_devices [get_hw_devices xc7a100t_0]
INFO: [Labtools 27-3164] End of startup status: HIGH
refresh_hw_device [lindex [get_hw_devices xc7a100t_0] 0]
INFO: [Labtools 27-1434] Device xc7a100t (JTAG device index = 0) is programmed with a design that has no supported debug core(s) in it.
reset_run synth_1
launch_runs impl_1 -to_step write_bitstream -jobs 16
[Sat May 24 21:36:50 2025] Launched synth_1...
Run output will be captured here: D:/Xilinx/project/project/pro/Nexys4DDRVGAMouseOverlay/Nexys4DDRVGAMouseOverlay/Nexys4DDRVGAMouseOverlay/Nexys4DDRVGAMouseOverlay.runs/synth_1/runme.log
[Sat May 24 21:36:51 2025] Launched impl_1...
Run output will be captured here: D:/Xilinx/project/project/pro/Nexys4DDRVGAMouseOverlay/Nexys4DDRVGAMouseOverlay/Nexys4DDRVGAMouseOverlay/Nexys4DDRVGAMouseOverlay.runs/impl_1/runme.log
set_property PROBES.FILE {} [get_hw_devices xc7a100t_0]
set_property FULL_PROBES.FILE {} [get_hw_devices xc7a100t_0]
set_property PROGRAM.FILE {D:/Xilinx/project/project/pro/Nexys4DDRVGAMouseOverlay/Nexys4DDRVGAMouseOverlay/Nexys4DDRVGAMouseOverlay/Nexys4DDRVGAMouseOverlay.runs/impl_1/vga_ctrl.bit} [get_hw_devices xc7a100t_0]
program_hw_devices [get_hw_devices xc7a100t_0]
INFO: [Labtools 27-3164] End of startup status: HIGH
refresh_hw_device [lindex [get_hw_devices xc7a100t_0] 0]
INFO: [Labtools 27-1434] Device xc7a100t (JTAG device index = 0) is programmed with a design that has no supported debug core(s) in it.
reset_run synth_1
launch_runs impl_1 -to_step write_bitstream -jobs 16
[Sat May 24 21:41:37 2025] Launched synth_1...
Run output will be captured here: D:/Xilinx/project/project/pro/Nexys4DDRVGAMouseOverlay/Nexys4DDRVGAMouseOverlay/Nexys4DDRVGAMouseOverlay/Nexys4DDRVGAMouseOverlay.runs/synth_1/runme.log
[Sat May 24 21:41:37 2025] Launched impl_1...
Run output will be captured here: D:/Xilinx/project/project/pro/Nexys4DDRVGAMouseOverlay/Nexys4DDRVGAMouseOverlay/Nexys4DDRVGAMouseOverlay/Nexys4DDRVGAMouseOverlay.runs/impl_1/runme.log
set_property PROBES.FILE {} [get_hw_devices xc7a100t_0]
set_property FULL_PROBES.FILE {} [get_hw_devices xc7a100t_0]
set_property PROGRAM.FILE {D:/Xilinx/project/project/pro/Nexys4DDRVGAMouseOverlay/Nexys4DDRVGAMouseOverlay/Nexys4DDRVGAMouseOverlay/Nexys4DDRVGAMouseOverlay.runs/impl_1/vga_ctrl.bit} [get_hw_devices xc7a100t_0]
program_hw_devices [get_hw_devices xc7a100t_0]
INFO: [Labtools 27-3164] End of startup status: HIGH
refresh_hw_device [lindex [get_hw_devices xc7a100t_0] 0]
INFO: [Labtools 27-1434] Device xc7a100t (JTAG device index = 0) is programmed with a design that has no supported debug core(s) in it.
reset_run synth_1
launch_runs impl_1 -to_step write_bitstream -jobs 16
[Sat May 24 21:45:52 2025] Launched synth_1...
Run output will be captured here: D:/Xilinx/project/project/pro/Nexys4DDRVGAMouseOverlay/Nexys4DDRVGAMouseOverlay/Nexys4DDRVGAMouseOverlay/Nexys4DDRVGAMouseOverlay.runs/synth_1/runme.log
[Sat May 24 21:45:52 2025] Launched impl_1...
Run output will be captured here: D:/Xilinx/project/project/pro/Nexys4DDRVGAMouseOverlay/Nexys4DDRVGAMouseOverlay/Nexys4DDRVGAMouseOverlay/Nexys4DDRVGAMouseOverlay.runs/impl_1/runme.log
set_property PROBES.FILE {} [get_hw_devices xc7a100t_0]
set_property FULL_PROBES.FILE {} [get_hw_devices xc7a100t_0]
set_property PROGRAM.FILE {D:/Xilinx/project/project/pro/Nexys4DDRVGAMouseOverlay/Nexys4DDRVGAMouseOverlay/Nexys4DDRVGAMouseOverlay/Nexys4DDRVGAMouseOverlay.runs/impl_1/vga_ctrl.bit} [get_hw_devices xc7a100t_0]
program_hw_devices [get_hw_devices xc7a100t_0]
INFO: [Labtools 27-3164] End of startup status: HIGH
refresh_hw_device [lindex [get_hw_devices xc7a100t_0] 0]
INFO: [Labtools 27-1434] Device xc7a100t (JTAG device index = 0) is programmed with a design that has no supported debug core(s) in it.
reset_run impl_1 -prev_step 
launch_runs impl_1 -to_step write_bitstream -jobs 16
[Sat May 24 21:57:35 2025] Launched impl_1...
Run output will be captured here: D:/Xilinx/project/project/pro/Nexys4DDRVGAMouseOverlay/Nexys4DDRVGAMouseOverlay/Nexys4DDRVGAMouseOverlay/Nexys4DDRVGAMouseOverlay.runs/impl_1/runme.log
reset_run impl_1 -prev_step 
WARNING: [Vivado 12-1017] Problems encountered:
1. PID not specified

reset_run synth_1
WARNING: [Vivado 12-1017] Problems encountered:
1. PID not specified

launch_runs impl_1 -to_step write_bitstream -jobs 16
[Sat May 24 21:57:51 2025] Launched synth_1...
Run output will be captured here: D:/Xilinx/project/project/pro/Nexys4DDRVGAMouseOverlay/Nexys4DDRVGAMouseOverlay/Nexys4DDRVGAMouseOverlay/Nexys4DDRVGAMouseOverlay.runs/synth_1/runme.log
[Sat May 24 21:57:51 2025] Launched impl_1...
Run output will be captured here: D:/Xilinx/project/project/pro/Nexys4DDRVGAMouseOverlay/Nexys4DDRVGAMouseOverlay/Nexys4DDRVGAMouseOverlay/Nexys4DDRVGAMouseOverlay.runs/impl_1/runme.log
set_property PROBES.FILE {} [get_hw_devices xc7a100t_0]
set_property FULL_PROBES.FILE {} [get_hw_devices xc7a100t_0]
set_property PROGRAM.FILE {D:/Xilinx/project/project/pro/Nexys4DDRVGAMouseOverlay/Nexys4DDRVGAMouseOverlay/Nexys4DDRVGAMouseOverlay/Nexys4DDRVGAMouseOverlay.runs/impl_1/vga_ctrl.bit} [get_hw_devices xc7a100t_0]
program_hw_devices [get_hw_devices xc7a100t_0]
INFO: [Labtools 27-3164] End of startup status: HIGH
refresh_hw_device [lindex [get_hw_devices xc7a100t_0] 0]
INFO: [Labtools 27-1434] Device xc7a100t (JTAG device index = 0) is programmed with a design that has no supported debug core(s) in it.
reset_run synth_1
launch_runs impl_1 -to_step write_bitstream -jobs 16
[Sat May 24 22:06:16 2025] Launched synth_1...
Run output will be captured here: D:/Xilinx/project/project/pro/Nexys4DDRVGAMouseOverlay/Nexys4DDRVGAMouseOverlay/Nexys4DDRVGAMouseOverlay/Nexys4DDRVGAMouseOverlay.runs/synth_1/runme.log
[Sat May 24 22:06:16 2025] Launched impl_1...
Run output will be captured here: D:/Xilinx/project/project/pro/Nexys4DDRVGAMouseOverlay/Nexys4DDRVGAMouseOverlay/Nexys4DDRVGAMouseOverlay/Nexys4DDRVGAMouseOverlay.runs/impl_1/runme.log
reset_run impl_1
reset_run synth_1
launch_runs impl_1 -to_step write_bitstream -jobs 16
[Sat May 24 22:11:03 2025] Launched synth_1...
Run output will be captured here: D:/Xilinx/project/project/pro/Nexys4DDRVGAMouseOverlay/Nexys4DDRVGAMouseOverlay/Nexys4DDRVGAMouseOverlay/Nexys4DDRVGAMouseOverlay.runs/synth_1/runme.log
[Sat May 24 22:11:03 2025] Launched impl_1...
Run output will be captured here: D:/Xilinx/project/project/pro/Nexys4DDRVGAMouseOverlay/Nexys4DDRVGAMouseOverlay/Nexys4DDRVGAMouseOverlay/Nexys4DDRVGAMouseOverlay.runs/impl_1/runme.log
set_property PROBES.FILE {} [get_hw_devices xc7a100t_0]
set_property FULL_PROBES.FILE {} [get_hw_devices xc7a100t_0]
set_property PROGRAM.FILE {D:/Xilinx/project/project/pro/Nexys4DDRVGAMouseOverlay/Nexys4DDRVGAMouseOverlay/Nexys4DDRVGAMouseOverlay/Nexys4DDRVGAMouseOverlay.runs/impl_1/vga_ctrl.bit} [get_hw_devices xc7a100t_0]
program_hw_devices [get_hw_devices xc7a100t_0]
INFO: [Labtools 27-3164] End of startup status: HIGH
refresh_hw_device [lindex [get_hw_devices xc7a100t_0] 0]
INFO: [Labtools 27-1434] Device xc7a100t (JTAG device index = 0) is programmed with a design that has no supported debug core(s) in it.
reset_run synth_1
launch_runs impl_1 -to_step write_bitstream -jobs 16
[Sat May 24 22:21:30 2025] Launched synth_1...
Run output will be captured here: D:/Xilinx/project/project/pro/Nexys4DDRVGAMouseOverlay/Nexys4DDRVGAMouseOverlay/Nexys4DDRVGAMouseOverlay/Nexys4DDRVGAMouseOverlay.runs/synth_1/runme.log
[Sat May 24 22:21:30 2025] Launched impl_1...
Run output will be captured here: D:/Xilinx/project/project/pro/Nexys4DDRVGAMouseOverlay/Nexys4DDRVGAMouseOverlay/Nexys4DDRVGAMouseOverlay/Nexys4DDRVGAMouseOverlay.runs/impl_1/runme.log
set_property PROBES.FILE {} [get_hw_devices xc7a100t_0]
set_property FULL_PROBES.FILE {} [get_hw_devices xc7a100t_0]
set_property PROGRAM.FILE {D:/Xilinx/project/project/pro/Nexys4DDRVGAMouseOverlay/Nexys4DDRVGAMouseOverlay/Nexys4DDRVGAMouseOverlay/Nexys4DDRVGAMouseOverlay.runs/impl_1/vga_ctrl.bit} [get_hw_devices xc7a100t_0]
program_hw_devices [get_hw_devices xc7a100t_0]
INFO: [Labtools 27-3164] End of startup status: HIGH
refresh_hw_device [lindex [get_hw_devices xc7a100t_0] 0]
INFO: [Labtools 27-1434] Device xc7a100t (JTAG device index = 0) is programmed with a design that has no supported debug core(s) in it.
reset_run synth_1
launch_runs impl_1 -to_step write_bitstream -jobs 16
[Sat May 24 22:32:26 2025] Launched synth_1...
Run output will be captured here: D:/Xilinx/project/project/pro/Nexys4DDRVGAMouseOverlay/Nexys4DDRVGAMouseOverlay/Nexys4DDRVGAMouseOverlay/Nexys4DDRVGAMouseOverlay.runs/synth_1/runme.log
[Sat May 24 22:32:26 2025] Launched impl_1...
Run output will be captured here: D:/Xilinx/project/project/pro/Nexys4DDRVGAMouseOverlay/Nexys4DDRVGAMouseOverlay/Nexys4DDRVGAMouseOverlay/Nexys4DDRVGAMouseOverlay.runs/impl_1/runme.log
set_property PROBES.FILE {} [get_hw_devices xc7a100t_0]
set_property FULL_PROBES.FILE {} [get_hw_devices xc7a100t_0]
set_property PROGRAM.FILE {D:/Xilinx/project/project/pro/Nexys4DDRVGAMouseOverlay/Nexys4DDRVGAMouseOverlay/Nexys4DDRVGAMouseOverlay/Nexys4DDRVGAMouseOverlay.runs/impl_1/vga_ctrl.bit} [get_hw_devices xc7a100t_0]
program_hw_devices [get_hw_devices xc7a100t_0]
INFO: [Labtools 27-3164] End of startup status: HIGH
refresh_hw_device [lindex [get_hw_devices xc7a100t_0] 0]
INFO: [Labtools 27-1434] Device xc7a100t (JTAG device index = 0) is programmed with a design that has no supported debug core(s) in it.
reset_run synth_1
launch_runs impl_1 -to_step write_bitstream -jobs 16
[Sat May 24 22:45:04 2025] Launched synth_1...
Run output will be captured here: D:/Xilinx/project/project/pro/Nexys4DDRVGAMouseOverlay/Nexys4DDRVGAMouseOverlay/Nexys4DDRVGAMouseOverlay/Nexys4DDRVGAMouseOverlay.runs/synth_1/runme.log
[Sat May 24 22:45:04 2025] Launched impl_1...
Run output will be captured here: D:/Xilinx/project/project/pro/Nexys4DDRVGAMouseOverlay/Nexys4DDRVGAMouseOverlay/Nexys4DDRVGAMouseOverlay/Nexys4DDRVGAMouseOverlay.runs/impl_1/runme.log
set_property PROBES.FILE {} [get_hw_devices xc7a100t_0]
set_property FULL_PROBES.FILE {} [get_hw_devices xc7a100t_0]
set_property PROGRAM.FILE {D:/Xilinx/project/project/pro/Nexys4DDRVGAMouseOverlay/Nexys4DDRVGAMouseOverlay/Nexys4DDRVGAMouseOverlay/Nexys4DDRVGAMouseOverlay.runs/impl_1/vga_ctrl.bit} [get_hw_devices xc7a100t_0]
program_hw_devices [get_hw_devices xc7a100t_0]
INFO: [Labtools 27-3164] End of startup status: HIGH
refresh_hw_device [lindex [get_hw_devices xc7a100t_0] 0]
INFO: [Labtools 27-1434] Device xc7a100t (JTAG device index = 0) is programmed with a design that has no supported debug core(s) in it.
reset_run synth_1
launch_runs impl_1 -to_step write_bitstream -jobs 16
[Sat May 24 22:52:46 2025] Launched synth_1...
Run output will be captured here: D:/Xilinx/project/project/pro/Nexys4DDRVGAMouseOverlay/Nexys4DDRVGAMouseOverlay/Nexys4DDRVGAMouseOverlay/Nexys4DDRVGAMouseOverlay.runs/synth_1/runme.log
[Sat May 24 22:52:46 2025] Launched impl_1...
Run output will be captured here: D:/Xilinx/project/project/pro/Nexys4DDRVGAMouseOverlay/Nexys4DDRVGAMouseOverlay/Nexys4DDRVGAMouseOverlay/Nexys4DDRVGAMouseOverlay.runs/impl_1/runme.log
set_property PROBES.FILE {} [get_hw_devices xc7a100t_0]
set_property FULL_PROBES.FILE {} [get_hw_devices xc7a100t_0]
set_property PROGRAM.FILE {D:/Xilinx/project/project/pro/Nexys4DDRVGAMouseOverlay/Nexys4DDRVGAMouseOverlay/Nexys4DDRVGAMouseOverlay/Nexys4DDRVGAMouseOverlay.runs/impl_1/vga_ctrl.bit} [get_hw_devices xc7a100t_0]
program_hw_devices [get_hw_devices xc7a100t_0]
INFO: [Labtools 27-3164] End of startup status: HIGH
refresh_hw_device [lindex [get_hw_devices xc7a100t_0] 0]
INFO: [Labtools 27-1434] Device xc7a100t (JTAG device index = 0) is programmed with a design that has no supported debug core(s) in it.
reset_run synth_1
launch_runs impl_1 -to_step write_bitstream -jobs 16
[Sat May 24 23:01:08 2025] Launched synth_1...
Run output will be captured here: D:/Xilinx/project/project/pro/Nexys4DDRVGAMouseOverlay/Nexys4DDRVGAMouseOverlay/Nexys4DDRVGAMouseOverlay/Nexys4DDRVGAMouseOverlay.runs/synth_1/runme.log
[Sat May 24 23:01:09 2025] Launched impl_1...
Run output will be captured here: D:/Xilinx/project/project/pro/Nexys4DDRVGAMouseOverlay/Nexys4DDRVGAMouseOverlay/Nexys4DDRVGAMouseOverlay/Nexys4DDRVGAMouseOverlay.runs/impl_1/runme.log
set_property PROBES.FILE {} [get_hw_devices xc7a100t_0]
set_property FULL_PROBES.FILE {} [get_hw_devices xc7a100t_0]
set_property PROGRAM.FILE {D:/Xilinx/project/project/pro/Nexys4DDRVGAMouseOverlay/Nexys4DDRVGAMouseOverlay/Nexys4DDRVGAMouseOverlay/Nexys4DDRVGAMouseOverlay.runs/impl_1/vga_ctrl.bit} [get_hw_devices xc7a100t_0]
program_hw_devices [get_hw_devices xc7a100t_0]
INFO: [Labtools 27-3164] End of startup status: HIGH
refresh_hw_device [lindex [get_hw_devices xc7a100t_0] 0]
INFO: [Labtools 27-1434] Device xc7a100t (JTAG device index = 0) is programmed with a design that has no supported debug core(s) in it.
reset_run synth_1
launch_runs impl_1 -to_step write_bitstream -jobs 16
[Sat May 24 23:05:17 2025] Launched synth_1...
Run output will be captured here: D:/Xilinx/project/project/pro/Nexys4DDRVGAMouseOverlay/Nexys4DDRVGAMouseOverlay/Nexys4DDRVGAMouseOverlay/Nexys4DDRVGAMouseOverlay.runs/synth_1/runme.log
[Sat May 24 23:05:17 2025] Launched impl_1...
Run output will be captured here: D:/Xilinx/project/project/pro/Nexys4DDRVGAMouseOverlay/Nexys4DDRVGAMouseOverlay/Nexys4DDRVGAMouseOverlay/Nexys4DDRVGAMouseOverlay.runs/impl_1/runme.log
set_property PROBES.FILE {} [get_hw_devices xc7a100t_0]
set_property FULL_PROBES.FILE {} [get_hw_devices xc7a100t_0]
set_property PROGRAM.FILE {D:/Xilinx/project/project/pro/Nexys4DDRVGAMouseOverlay/Nexys4DDRVGAMouseOverlay/Nexys4DDRVGAMouseOverlay/Nexys4DDRVGAMouseOverlay.runs/impl_1/vga_ctrl.bit} [get_hw_devices xc7a100t_0]
program_hw_devices [get_hw_devices xc7a100t_0]
INFO: [Labtools 27-3164] End of startup status: HIGH
refresh_hw_device [lindex [get_hw_devices xc7a100t_0] 0]
INFO: [Labtools 27-1434] Device xc7a100t (JTAG device index = 0) is programmed with a design that has no supported debug core(s) in it.
reset_run synth_1
launch_runs impl_1 -to_step write_bitstream -jobs 16
[Sat May 24 23:11:02 2025] Launched synth_1...
Run output will be captured here: D:/Xilinx/project/project/pro/Nexys4DDRVGAMouseOverlay/Nexys4DDRVGAMouseOverlay/Nexys4DDRVGAMouseOverlay/Nexys4DDRVGAMouseOverlay.runs/synth_1/runme.log
[Sat May 24 23:11:02 2025] Launched impl_1...
Run output will be captured here: D:/Xilinx/project/project/pro/Nexys4DDRVGAMouseOverlay/Nexys4DDRVGAMouseOverlay/Nexys4DDRVGAMouseOverlay/Nexys4DDRVGAMouseOverlay.runs/impl_1/runme.log
set_property PROBES.FILE {} [get_hw_devices xc7a100t_0]
set_property FULL_PROBES.FILE {} [get_hw_devices xc7a100t_0]
set_property PROGRAM.FILE {D:/Xilinx/project/project/pro/Nexys4DDRVGAMouseOverlay/Nexys4DDRVGAMouseOverlay/Nexys4DDRVGAMouseOverlay/Nexys4DDRVGAMouseOverlay.runs/impl_1/vga_ctrl.bit} [get_hw_devices xc7a100t_0]
program_hw_devices [get_hw_devices xc7a100t_0]
INFO: [Labtools 27-3164] End of startup status: HIGH
refresh_hw_device [lindex [get_hw_devices xc7a100t_0] 0]
INFO: [Labtools 27-1434] Device xc7a100t (JTAG device index = 0) is programmed with a design that has no supported debug core(s) in it.
reset_run synth_1
launch_runs impl_1 -to_step write_bitstream -jobs 16
[Sat May 24 23:16:27 2025] Launched synth_1...
Run output will be captured here: D:/Xilinx/project/project/pro/Nexys4DDRVGAMouseOverlay/Nexys4DDRVGAMouseOverlay/Nexys4DDRVGAMouseOverlay/Nexys4DDRVGAMouseOverlay.runs/synth_1/runme.log
[Sat May 24 23:16:27 2025] Launched impl_1...
Run output will be captured here: D:/Xilinx/project/project/pro/Nexys4DDRVGAMouseOverlay/Nexys4DDRVGAMouseOverlay/Nexys4DDRVGAMouseOverlay/Nexys4DDRVGAMouseOverlay.runs/impl_1/runme.log
set_property PROBES.FILE {} [get_hw_devices xc7a100t_0]
set_property FULL_PROBES.FILE {} [get_hw_devices xc7a100t_0]
set_property PROGRAM.FILE {D:/Xilinx/project/project/pro/Nexys4DDRVGAMouseOverlay/Nexys4DDRVGAMouseOverlay/Nexys4DDRVGAMouseOverlay/Nexys4DDRVGAMouseOverlay.runs/impl_1/vga_ctrl.bit} [get_hw_devices xc7a100t_0]
program_hw_devices [get_hw_devices xc7a100t_0]
INFO: [Labtools 27-3164] End of startup status: HIGH
refresh_hw_device [lindex [get_hw_devices xc7a100t_0] 0]
INFO: [Labtools 27-1434] Device xc7a100t (JTAG device index = 0) is programmed with a design that has no supported debug core(s) in it.
reset_run synth_1
launch_runs impl_1 -to_step write_bitstream -jobs 16
[Sat May 24 23:20:36 2025] Launched synth_1...
Run output will be captured here: D:/Xilinx/project/project/pro/Nexys4DDRVGAMouseOverlay/Nexys4DDRVGAMouseOverlay/Nexys4DDRVGAMouseOverlay/Nexys4DDRVGAMouseOverlay.runs/synth_1/runme.log
[Sat May 24 23:20:36 2025] Launched impl_1...
Run output will be captured here: D:/Xilinx/project/project/pro/Nexys4DDRVGAMouseOverlay/Nexys4DDRVGAMouseOverlay/Nexys4DDRVGAMouseOverlay/Nexys4DDRVGAMouseOverlay.runs/impl_1/runme.log
set_property PROBES.FILE {} [get_hw_devices xc7a100t_0]
set_property FULL_PROBES.FILE {} [get_hw_devices xc7a100t_0]
set_property PROGRAM.FILE {D:/Xilinx/project/project/pro/Nexys4DDRVGAMouseOverlay/Nexys4DDRVGAMouseOverlay/Nexys4DDRVGAMouseOverlay/Nexys4DDRVGAMouseOverlay.runs/impl_1/vga_ctrl.bit} [get_hw_devices xc7a100t_0]
program_hw_devices [get_hw_devices xc7a100t_0]
INFO: [Labtools 27-3164] End of startup status: HIGH
refresh_hw_device [lindex [get_hw_devices xc7a100t_0] 0]
INFO: [Labtools 27-1434] Device xc7a100t (JTAG device index = 0) is programmed with a design that has no supported debug core(s) in it.
reset_run synth_1
launch_runs impl_1 -to_step write_bitstream -jobs 16
[Sat May 24 23:27:47 2025] Launched synth_1...
Run output will be captured here: D:/Xilinx/project/project/pro/Nexys4DDRVGAMouseOverlay/Nexys4DDRVGAMouseOverlay/Nexys4DDRVGAMouseOverlay/Nexys4DDRVGAMouseOverlay.runs/synth_1/runme.log
[Sat May 24 23:27:47 2025] Launched impl_1...
Run output will be captured here: D:/Xilinx/project/project/pro/Nexys4DDRVGAMouseOverlay/Nexys4DDRVGAMouseOverlay/Nexys4DDRVGAMouseOverlay/Nexys4DDRVGAMouseOverlay.runs/impl_1/runme.log
set_property PROBES.FILE {} [get_hw_devices xc7a100t_0]
set_property FULL_PROBES.FILE {} [get_hw_devices xc7a100t_0]
set_property PROGRAM.FILE {D:/Xilinx/project/project/pro/Nexys4DDRVGAMouseOverlay/Nexys4DDRVGAMouseOverlay/Nexys4DDRVGAMouseOverlay/Nexys4DDRVGAMouseOverlay.runs/impl_1/vga_ctrl.bit} [get_hw_devices xc7a100t_0]
program_hw_devices [get_hw_devices xc7a100t_0]
INFO: [Labtools 27-3164] End of startup status: HIGH
refresh_hw_device [lindex [get_hw_devices xc7a100t_0] 0]
INFO: [Labtools 27-1434] Device xc7a100t (JTAG device index = 0) is programmed with a design that has no supported debug core(s) in it.
reset_run synth_1
launch_runs impl_1 -to_step write_bitstream -jobs 16
[Sat May 24 23:33:22 2025] Launched synth_1...
Run output will be captured here: D:/Xilinx/project/project/pro/Nexys4DDRVGAMouseOverlay/Nexys4DDRVGAMouseOverlay/Nexys4DDRVGAMouseOverlay/Nexys4DDRVGAMouseOverlay.runs/synth_1/runme.log
[Sat May 24 23:33:22 2025] Launched impl_1...
Run output will be captured here: D:/Xilinx/project/project/pro/Nexys4DDRVGAMouseOverlay/Nexys4DDRVGAMouseOverlay/Nexys4DDRVGAMouseOverlay/Nexys4DDRVGAMouseOverlay.runs/impl_1/runme.log
set_property PROBES.FILE {} [get_hw_devices xc7a100t_0]
set_property FULL_PROBES.FILE {} [get_hw_devices xc7a100t_0]
set_property PROGRAM.FILE {D:/Xilinx/project/project/pro/Nexys4DDRVGAMouseOverlay/Nexys4DDRVGAMouseOverlay/Nexys4DDRVGAMouseOverlay/Nexys4DDRVGAMouseOverlay.runs/impl_1/vga_ctrl.bit} [get_hw_devices xc7a100t_0]
program_hw_devices [get_hw_devices xc7a100t_0]
INFO: [Labtools 27-3164] End of startup status: HIGH
refresh_hw_device [lindex [get_hw_devices xc7a100t_0] 0]
INFO: [Labtools 27-1434] Device xc7a100t (JTAG device index = 0) is programmed with a design that has no supported debug core(s) in it.
undo
INFO: [Common 17-17] undo 'set_property PROGRAM.FILE {D:/Xilinx/project/project/pro/Nexys4DDRVGAMouseOverlay/Nexys4DDRVGAMouseOverlay/Nexys4DDRVGAMouseOverlay/Nexys4DDRVGAMouseOverlay.runs/impl_1/vga_ctrl.bit} [get_hw_devices xc7a100t_0]'
undo
INFO: [Common 17-17] undo 'set_property FULL_PROBES.FILE {} [get_hw_devices xc7a100t_0]'
undo
INFO: [Common 17-17] undo 'set_property PROBES.FILE {} [get_hw_devices xc7a100t_0]'
reset_run synth_1
launch_runs impl_1 -to_step write_bitstream -jobs 16
[Sat May 24 23:37:51 2025] Launched synth_1...
Run output will be captured here: D:/Xilinx/project/project/pro/Nexys4DDRVGAMouseOverlay/Nexys4DDRVGAMouseOverlay/Nexys4DDRVGAMouseOverlay/Nexys4DDRVGAMouseOverlay.runs/synth_1/runme.log
[Sat May 24 23:37:51 2025] Launched impl_1...
Run output will be captured here: D:/Xilinx/project/project/pro/Nexys4DDRVGAMouseOverlay/Nexys4DDRVGAMouseOverlay/Nexys4DDRVGAMouseOverlay/Nexys4DDRVGAMouseOverlay.runs/impl_1/runme.log
set_property PROBES.FILE {} [get_hw_devices xc7a100t_0]
set_property FULL_PROBES.FILE {} [get_hw_devices xc7a100t_0]
set_property PROGRAM.FILE {D:/Xilinx/project/project/pro/Nexys4DDRVGAMouseOverlay/Nexys4DDRVGAMouseOverlay/Nexys4DDRVGAMouseOverlay/Nexys4DDRVGAMouseOverlay.runs/impl_1/vga_ctrl.bit} [get_hw_devices xc7a100t_0]
program_hw_devices [get_hw_devices xc7a100t_0]
INFO: [Labtools 27-3164] End of startup status: HIGH
refresh_hw_device [lindex [get_hw_devices xc7a100t_0] 0]
INFO: [Labtools 27-1434] Device xc7a100t (JTAG device index = 0) is programmed with a design that has no supported debug core(s) in it.
reset_run synth_1
launch_runs impl_1 -to_step write_bitstream -jobs 16
[Sat May 24 23:51:57 2025] Launched synth_1...
Run output will be captured here: D:/Xilinx/project/project/pro/Nexys4DDRVGAMouseOverlay/Nexys4DDRVGAMouseOverlay/Nexys4DDRVGAMouseOverlay/Nexys4DDRVGAMouseOverlay.runs/synth_1/runme.log
[Sat May 24 23:51:57 2025] Launched impl_1...
Run output will be captured here: D:/Xilinx/project/project/pro/Nexys4DDRVGAMouseOverlay/Nexys4DDRVGAMouseOverlay/Nexys4DDRVGAMouseOverlay/Nexys4DDRVGAMouseOverlay.runs/impl_1/runme.log
set_property PROBES.FILE {} [get_hw_devices xc7a100t_0]
set_property FULL_PROBES.FILE {} [get_hw_devices xc7a100t_0]
set_property PROGRAM.FILE {D:/Xilinx/project/project/pro/Nexys4DDRVGAMouseOverlay/Nexys4DDRVGAMouseOverlay/Nexys4DDRVGAMouseOverlay/Nexys4DDRVGAMouseOverlay.runs/impl_1/vga_ctrl.bit} [get_hw_devices xc7a100t_0]
program_hw_devices [get_hw_devices xc7a100t_0]
INFO: [Labtools 27-3164] End of startup status: HIGH
refresh_hw_device [lindex [get_hw_devices xc7a100t_0] 0]
INFO: [Labtools 27-1434] Device xc7a100t (JTAG device index = 0) is programmed with a design that has no supported debug core(s) in it.
undo
INFO: [Common 17-17] undo 'set_property PROGRAM.FILE {D:/Xilinx/project/project/pro/Nexys4DDRVGAMouseOverlay/Nexys4DDRVGAMouseOverlay/Nexys4DDRVGAMouseOverlay/Nexys4DDRVGAMouseOverlay.runs/impl_1/vga_ctrl.bit} [get_hw_devices xc7a100t_0]'
exit
INFO: [Common 17-206] Exiting Vivado at Sun May 25 00:02:06 2025...
