#-----------------------------------------------------------
# Vivado v2020.2 (64-bit)
# SW Build 3064766 on Wed Nov 18 09:12:45 MST 2020
# IP Build 3064653 on Wed Nov 18 14:17:31 MST 2020
# Start of session at: Thu May 15 17:36:59 2025
# Process ID: 46676
# Current directory: D:/Xilinx/project/Nexys4DDRVGAMouseOverlay
# Command line: vivado.exe -gui_launcher_event rodinguilauncherevent47368 D:\Xilinx\project\Nexys4DDRVGAMouseOverlay\Nexys4DDRVGAMouseOverlay.xpr
# Log file: D:/Xilinx/project/Nexys4DDRVGAMouseOverlay/vivado.log
# Journal file: D:/Xilinx/project/Nexys4DDRVGAMouseOverlay\vivado.jou
#-----------------------------------------------------------
start_gui
open_project D:/Xilinx/project/Nexys4DDRVGAMouseOverlay/Nexys4DDRVGAMouseOverlay.xpr
Scanning sources...
Finished scanning sources
INFO: [IP_Flow 19-234] Refreshing IP repositories
INFO: [IP_Flow 19-1704] No user IP repositories specified
INFO: [IP_Flow 19-2313] Loaded Vivado IP repository 'D:/Xilinx/APP/Vivado/2020.2/data/ip'.
open_project: Time (s): cpu = 00:00:20 ; elapsed = 00:00:07 . Memory (MB): peak = 1146.344 ; gain = 0.000
update_compile_order -fileset sources_1
close [ open D:/Xilinx/project/Nexys4DDRVGAMouseOverlay/Nexys4DDRVGAMouseOverlay.srcs/sources_1/new/game_status_display.vhd w ]
add_files D:/Xilinx/project/Nexys4DDRVGAMouseOverlay/Nexys4DDRVGAMouseOverlay.srcs/sources_1/new/game_status_display.vhd
update_compile_order -fileset sources_1
reset_run synth_1
launch_runs impl_1 -to_step write_bitstream -jobs 16
[Thu May 15 17:52:47 2025] Launched synth_1...
Run output will be captured here: D:/Xilinx/project/Nexys4DDRVGAMouseOverlay/Nexys4DDRVGAMouseOverlay.runs/synth_1/runme.log
[Thu May 15 17:52:48 2025] Launched impl_1...
Run output will be captured here: D:/Xilinx/project/Nexys4DDRVGAMouseOverlay/Nexys4DDRVGAMouseOverlay.runs/impl_1/runme.log
reset_run synth_1
WARNING: [Vivado 12-1017] Problems encountered:
1. Failed to delete one or more files in run directory D:/Xilinx/project/Nexys4DDRVGAMouseOverlay/Nexys4DDRVGAMouseOverlay.runs/synth_1

launch_runs impl_1 -to_step write_bitstream -jobs 16
[Thu May 15 17:54:08 2025] Launched synth_1...
Run output will be captured here: D:/Xilinx/project/Nexys4DDRVGAMouseOverlay/Nexys4DDRVGAMouseOverlay.runs/synth_1/runme.log
[Thu May 15 17:54:08 2025] Launched impl_1...
Run output will be captured here: D:/Xilinx/project/Nexys4DDRVGAMouseOverlay/Nexys4DDRVGAMouseOverlay.runs/impl_1/runme.log
reset_run synth_1
launch_runs impl_1 -to_step write_bitstream -jobs 16
[Thu May 15 18:14:14 2025] Launched synth_1...
Run output will be captured here: D:/Xilinx/project/Nexys4DDRVGAMouseOverlay/Nexys4DDRVGAMouseOverlay.runs/synth_1/runme.log
[Thu May 15 18:14:14 2025] Launched impl_1...
Run output will be captured here: D:/Xilinx/project/Nexys4DDRVGAMouseOverlay/Nexys4DDRVGAMouseOverlay.runs/impl_1/runme.log
exit
INFO: [Common 17-206] Exiting Vivado at Thu May 15 21:15:28 2025...
