Copyright 1986-2020 Xilinx, Inc. All Rights Reserved.
--------------------------------------------------------------------------------------------------------------------------------------------------------------
| Tool Version : Vivado v.2020.2 (win64) Build 3064766 Wed Nov 18 09:12:45 MST 2020
| Date         : Sun May 18 23:19:54 2025
| Host         : LAPTOP-HDLG7MJ4 running 64-bit major release  (build 9200)
| Command      : report_methodology -file vga_ctrl_methodology_drc_routed.rpt -pb vga_ctrl_methodology_drc_routed.pb -rpx vga_ctrl_methodology_drc_routed.rpx
| Design       : vga_ctrl
| Device       : xc7a100tcsg324-1
| Speed File   : -1
| Design State : Fully Routed
--------------------------------------------------------------------------------------------------------------------------------------------------------------

Report Methodology

Table of Contents
-----------------
1. REPORT SUMMARY
2. REPORT DETAILS

1. REPORT SUMMARY
-----------------
            Netlist: netlist
          Floorplan: design_1
      Design limits: <entire design considered>
             Max violations: <unlimited>
             Violations found: 134
+-----------+------------------+------------------------------------------------------------------+------------+
| Rule      | Severity         | Description                                                      | Violations |
+-----------+------------------+------------------------------------------------------------------+------------+
| TIMING-6  | Critical Warning | No common primary clock between related clocks                   | 2          |
| SYNTH-10  | Warning          | Wide multiplier                                                  | 6          |
| TIMING-16 | Warning          | Large setup violation                                            | 64         |
| TIMING-20 | Warning          | Non-clocked latch                                                | 60         |
| TIMING-56 | Warning          | Missing logically or physically excluded clock groups constraint | 2          |
+-----------+------------------+------------------------------------------------------------------+------------+

2. REPORT DETAILS
-----------------
TIMING-6#1 Critical Warning
No common primary clock between related clocks  
The clocks clk_out1_clk_wiz_0 and clk_out1_clk_wiz_0_1 are related (timed together) but they have no common primary clock. The design could fail in hardware. To find a timing path between these clocks, run the following command: report_timing -from [get_clocks clk_out1_clk_wiz_0] -to [get_clocks clk_out1_clk_wiz_0_1]
Related violations: <none>

TIMING-6#2 Critical Warning
No common primary clock between related clocks  
The clocks clk_out1_clk_wiz_0_1 and clk_out1_clk_wiz_0 are related (timed together) but they have no common primary clock. The design could fail in hardware. To find a timing path between these clocks, run the following command: report_timing -from [get_clocks clk_out1_clk_wiz_0_1] -to [get_clocks clk_out1_clk_wiz_0]
Related violations: <none>

SYNTH-10#1 Warning
Wide multiplier  
Detected multiplier at piece_render_inst/piece_red3 of size 15x18, it is decomposed from a wide multipler into 4 DSP blocks.
Related violations: <none>

SYNTH-10#2 Warning
Wide multiplier  
Detected multiplier at piece_render_inst/piece_red3__0 of size 18x18, it is decomposed from a wide multipler into 4 DSP blocks.
Related violations: <none>

SYNTH-10#3 Warning
Wide multiplier  
Detected multiplier at piece_render_inst/piece_red3__1 of size 18x15, it is decomposed from a wide multipler into 4 DSP blocks.
Related violations: <none>

SYNTH-10#4 Warning
Wide multiplier  
Detected multiplier at piece_render_inst/piece_red3__2 of size 15x18, it is decomposed from a wide multipler into 4 DSP blocks.
Related violations: <none>

SYNTH-10#5 Warning
Wide multiplier  
Detected multiplier at piece_render_inst/piece_red3__3 of size 18x18, it is decomposed from a wide multipler into 4 DSP blocks.
Related violations: <none>

SYNTH-10#6 Warning
Wide multiplier  
Detected multiplier at piece_render_inst/piece_red3__4 of size 18x15, it is decomposed from a wide multipler into 4 DSP blocks.
Related violations: <none>

TIMING-16#1 Warning
Large setup violation  
There is a large setup violation of -10.426 ns between intHcnt_reg[0]/C (clocked by clk_out1_clk_wiz_0_1) and checkerboard_red_reg[2]/D (clocked by clk_out1_clk_wiz_0). Large setup violations at the end of those stages might be difficult to fix during the post-placement implementation flow and could be the result of non-optimal XDC constraints or non-optimal design architecture
Related violations: <none>

TIMING-16#2 Warning
Large setup violation  
There is a large setup violation of -17.717 ns between MOUSE_X_POS_REG_reg[0]/C (clocked by clk_out1_clk_wiz_0) and game_ctrl_inst/board_reg[3,4][1]/D (clocked by clk_out1_clk_wiz_0). Large setup violations at the end of those stages might be difficult to fix during the post-placement implementation flow and could be the result of non-optimal XDC constraints or non-optimal design architecture
Related violations: <none>

TIMING-16#3 Warning
Large setup violation  
There is a large setup violation of -17.719 ns between MOUSE_X_POS_REG_reg[0]/C (clocked by clk_out1_clk_wiz_0) and game_ctrl_inst/board_reg[3,4][0]/D (clocked by clk_out1_clk_wiz_0). Large setup violations at the end of those stages might be difficult to fix during the post-placement implementation flow and could be the result of non-optimal XDC constraints or non-optimal design architecture
Related violations: <none>

TIMING-16#4 Warning
Large setup violation  
There is a large setup violation of -17.760 ns between MOUSE_Y_POS_REG_reg[2]/C (clocked by clk_out1_clk_wiz_0) and game_ctrl_inst/board_reg[0,3][1]/D (clocked by clk_out1_clk_wiz_0_1). Large setup violations at the end of those stages might be difficult to fix during the post-placement implementation flow and could be the result of non-optimal XDC constraints or non-optimal design architecture
Related violations: <none>

TIMING-16#5 Warning
Large setup violation  
There is a large setup violation of -17.769 ns between MOUSE_Y_POS_REG_reg[2]/C (clocked by clk_out1_clk_wiz_0) and game_ctrl_inst/board_reg[0,4][0]/D (clocked by clk_out1_clk_wiz_0). Large setup violations at the end of those stages might be difficult to fix during the post-placement implementation flow and could be the result of non-optimal XDC constraints or non-optimal design architecture
Related violations: <none>

TIMING-16#6 Warning
Large setup violation  
There is a large setup violation of -17.806 ns between MOUSE_X_POS_REG_reg[0]/C (clocked by clk_out1_clk_wiz_0) and game_ctrl_inst/board_reg[4,1][1]/D (clocked by clk_out1_clk_wiz_0). Large setup violations at the end of those stages might be difficult to fix during the post-placement implementation flow and could be the result of non-optimal XDC constraints or non-optimal design architecture
Related violations: <none>

TIMING-16#7 Warning
Large setup violation  
There is a large setup violation of -17.817 ns between MOUSE_Y_POS_REG_reg[2]/C (clocked by clk_out1_clk_wiz_0) and game_ctrl_inst/board_reg[4,0][1]/D (clocked by clk_out1_clk_wiz_0). Large setup violations at the end of those stages might be difficult to fix during the post-placement implementation flow and could be the result of non-optimal XDC constraints or non-optimal design architecture
Related violations: <none>

TIMING-16#8 Warning
Large setup violation  
There is a large setup violation of -17.821 ns between MOUSE_Y_POS_REG_reg[2]/C (clocked by clk_out1_clk_wiz_0) and game_ctrl_inst/board_reg[3,0][0]/D (clocked by clk_out1_clk_wiz_0). Large setup violations at the end of those stages might be difficult to fix during the post-placement implementation flow and could be the result of non-optimal XDC constraints or non-optimal design architecture
Related violations: <none>

TIMING-16#9 Warning
Large setup violation  
There is a large setup violation of -17.847 ns between MOUSE_Y_POS_REG_reg[2]/C (clocked by clk_out1_clk_wiz_0) and game_ctrl_inst/board_reg[2,4][0]/D (clocked by clk_out1_clk_wiz_0). Large setup violations at the end of those stages might be difficult to fix during the post-placement implementation flow and could be the result of non-optimal XDC constraints or non-optimal design architecture
Related violations: <none>

TIMING-16#10 Warning
Large setup violation  
There is a large setup violation of -17.852 ns between MOUSE_Y_POS_REG_reg[2]/C (clocked by clk_out1_clk_wiz_0) and game_ctrl_inst/board_reg[2,4][1]/D (clocked by clk_out1_clk_wiz_0). Large setup violations at the end of those stages might be difficult to fix during the post-placement implementation flow and could be the result of non-optimal XDC constraints or non-optimal design architecture
Related violations: <none>

TIMING-16#11 Warning
Large setup violation  
There is a large setup violation of -17.871 ns between MOUSE_Y_POS_REG_reg[2]/C (clocked by clk_out1_clk_wiz_0) and game_ctrl_inst/board_reg[3,0][1]/D (clocked by clk_out1_clk_wiz_0). Large setup violations at the end of those stages might be difficult to fix during the post-placement implementation flow and could be the result of non-optimal XDC constraints or non-optimal design architecture
Related violations: <none>

TIMING-16#12 Warning
Large setup violation  
There is a large setup violation of -17.879 ns between MOUSE_Y_POS_REG_reg[2]/C (clocked by clk_out1_clk_wiz_0) and game_ctrl_inst/board_reg[0,2][1]/D (clocked by clk_out1_clk_wiz_0_1). Large setup violations at the end of those stages might be difficult to fix during the post-placement implementation flow and could be the result of non-optimal XDC constraints or non-optimal design architecture
Related violations: <none>

TIMING-16#13 Warning
Large setup violation  
There is a large setup violation of -17.885 ns between MOUSE_Y_POS_REG_reg[2]/C (clocked by clk_out1_clk_wiz_0) and game_ctrl_inst/board_reg[0,2][0]/D (clocked by clk_out1_clk_wiz_0_1). Large setup violations at the end of those stages might be difficult to fix during the post-placement implementation flow and could be the result of non-optimal XDC constraints or non-optimal design architecture
Related violations: <none>

TIMING-16#14 Warning
Large setup violation  
There is a large setup violation of -17.889 ns between MOUSE_X_POS_REG_reg[0]/C (clocked by clk_out1_clk_wiz_0) and game_ctrl_inst/board_reg[4,3][1]/D (clocked by clk_out1_clk_wiz_0). Large setup violations at the end of those stages might be difficult to fix during the post-placement implementation flow and could be the result of non-optimal XDC constraints or non-optimal design architecture
Related violations: <none>

TIMING-16#15 Warning
Large setup violation  
There is a large setup violation of -17.892 ns between MOUSE_Y_POS_REG_reg[2]/C (clocked by clk_out1_clk_wiz_0) and game_ctrl_inst/board_reg[0,3][0]/D (clocked by clk_out1_clk_wiz_0). Large setup violations at the end of those stages might be difficult to fix during the post-placement implementation flow and could be the result of non-optimal XDC constraints or non-optimal design architecture
Related violations: <none>

TIMING-16#16 Warning
Large setup violation  
There is a large setup violation of -17.894 ns between MOUSE_X_POS_REG_reg[0]/C (clocked by clk_out1_clk_wiz_0) and game_ctrl_inst/board_reg[4,1][0]/D (clocked by clk_out1_clk_wiz_0). Large setup violations at the end of those stages might be difficult to fix during the post-placement implementation flow and could be the result of non-optimal XDC constraints or non-optimal design architecture
Related violations: <none>

TIMING-16#17 Warning
Large setup violation  
There is a large setup violation of -17.909 ns between MOUSE_Y_POS_REG_reg[2]/C (clocked by clk_out1_clk_wiz_0) and game_ctrl_inst/board_reg[4,4][0]/D (clocked by clk_out1_clk_wiz_0_1). Large setup violations at the end of those stages might be difficult to fix during the post-placement implementation flow and could be the result of non-optimal XDC constraints or non-optimal design architecture
Related violations: <none>

TIMING-16#18 Warning
Large setup violation  
There is a large setup violation of -17.911 ns between MOUSE_Y_POS_REG_reg[2]/C (clocked by clk_out1_clk_wiz_0) and game_ctrl_inst/board_reg[4,4][1]/D (clocked by clk_out1_clk_wiz_0_1). Large setup violations at the end of those stages might be difficult to fix during the post-placement implementation flow and could be the result of non-optimal XDC constraints or non-optimal design architecture
Related violations: <none>

TIMING-16#19 Warning
Large setup violation  
There is a large setup violation of -17.945 ns between MOUSE_Y_POS_REG_reg[2]/C (clocked by clk_out1_clk_wiz_0) and game_ctrl_inst/player_turn_reg/D (clocked by clk_out1_clk_wiz_0_1). Large setup violations at the end of those stages might be difficult to fix during the post-placement implementation flow and could be the result of non-optimal XDC constraints or non-optimal design architecture
Related violations: <none>

TIMING-16#20 Warning
Large setup violation  
There is a large setup violation of -17.946 ns between MOUSE_Y_POS_REG_reg[2]/C (clocked by clk_out1_clk_wiz_0) and game_ctrl_inst/board_reg[1,0][0]/D (clocked by clk_out1_clk_wiz_0_1). Large setup violations at the end of those stages might be difficult to fix during the post-placement implementation flow and could be the result of non-optimal XDC constraints or non-optimal design architecture
Related violations: <none>

TIMING-16#21 Warning
Large setup violation  
There is a large setup violation of -17.953 ns between MOUSE_Y_POS_REG_reg[2]/C (clocked by clk_out1_clk_wiz_0) and game_ctrl_inst/board_reg[1,0][1]/D (clocked by clk_out1_clk_wiz_0_1). Large setup violations at the end of those stages might be difficult to fix during the post-placement implementation flow and could be the result of non-optimal XDC constraints or non-optimal design architecture
Related violations: <none>

TIMING-16#22 Warning
Large setup violation  
There is a large setup violation of -17.957 ns between MOUSE_Y_POS_REG_reg[2]/C (clocked by clk_out1_clk_wiz_0) and game_ctrl_inst/board_reg[0,4][1]/D (clocked by clk_out1_clk_wiz_0_1). Large setup violations at the end of those stages might be difficult to fix during the post-placement implementation flow and could be the result of non-optimal XDC constraints or non-optimal design architecture
Related violations: <none>

TIMING-16#23 Warning
Large setup violation  
There is a large setup violation of -17.959 ns between MOUSE_Y_POS_REG_reg[2]/C (clocked by clk_out1_clk_wiz_0) and game_ctrl_inst/board_reg[3,1][0]/D (clocked by clk_out1_clk_wiz_0_1). Large setup violations at the end of those stages might be difficult to fix during the post-placement implementation flow and could be the result of non-optimal XDC constraints or non-optimal design architecture
Related violations: <none>

TIMING-16#24 Warning
Large setup violation  
There is a large setup violation of -17.961 ns between MOUSE_Y_POS_REG_reg[2]/C (clocked by clk_out1_clk_wiz_0) and game_ctrl_inst/board_reg[1,1][0]/D (clocked by clk_out1_clk_wiz_0). Large setup violations at the end of those stages might be difficult to fix during the post-placement implementation flow and could be the result of non-optimal XDC constraints or non-optimal design architecture
Related violations: <none>

TIMING-16#25 Warning
Large setup violation  
There is a large setup violation of -17.963 ns between MOUSE_Y_POS_REG_reg[2]/C (clocked by clk_out1_clk_wiz_0) and game_ctrl_inst/board_reg[1,1][1]/D (clocked by clk_out1_clk_wiz_0). Large setup violations at the end of those stages might be difficult to fix during the post-placement implementation flow and could be the result of non-optimal XDC constraints or non-optimal design architecture
Related violations: <none>

TIMING-16#26 Warning
Large setup violation  
There is a large setup violation of -17.968 ns between MOUSE_Y_POS_REG_reg[2]/C (clocked by clk_out1_clk_wiz_0) and game_ctrl_inst/board_reg[4,0][0]/D (clocked by clk_out1_clk_wiz_0). Large setup violations at the end of those stages might be difficult to fix during the post-placement implementation flow and could be the result of non-optimal XDC constraints or non-optimal design architecture
Related violations: <none>

TIMING-16#27 Warning
Large setup violation  
There is a large setup violation of -17.970 ns between MOUSE_Y_POS_REG_reg[2]/C (clocked by clk_out1_clk_wiz_0) and game_ctrl_inst/board_reg[4,3][0]/D (clocked by clk_out1_clk_wiz_0). Large setup violations at the end of those stages might be difficult to fix during the post-placement implementation flow and could be the result of non-optimal XDC constraints or non-optimal design architecture
Related violations: <none>

TIMING-16#28 Warning
Large setup violation  
There is a large setup violation of -17.973 ns between MOUSE_Y_POS_REG_reg[2]/C (clocked by clk_out1_clk_wiz_0) and game_ctrl_inst/board_reg[2,0][1]/D (clocked by clk_out1_clk_wiz_0_1). Large setup violations at the end of those stages might be difficult to fix during the post-placement implementation flow and could be the result of non-optimal XDC constraints or non-optimal design architecture
Related violations: <none>

TIMING-16#29 Warning
Large setup violation  
There is a large setup violation of -17.973 ns between MOUSE_Y_POS_REG_reg[2]/C (clocked by clk_out1_clk_wiz_0) and game_ctrl_inst/board_reg[2,2][1]/D (clocked by clk_out1_clk_wiz_0_1). Large setup violations at the end of those stages might be difficult to fix during the post-placement implementation flow and could be the result of non-optimal XDC constraints or non-optimal design architecture
Related violations: <none>

TIMING-16#30 Warning
Large setup violation  
There is a large setup violation of -17.976 ns between MOUSE_Y_POS_REG_reg[2]/C (clocked by clk_out1_clk_wiz_0) and game_ctrl_inst/board_reg[3,1][1]/D (clocked by clk_out1_clk_wiz_0_1). Large setup violations at the end of those stages might be difficult to fix during the post-placement implementation flow and could be the result of non-optimal XDC constraints or non-optimal design architecture
Related violations: <none>

TIMING-16#31 Warning
Large setup violation  
There is a large setup violation of -17.978 ns between MOUSE_Y_POS_REG_reg[2]/C (clocked by clk_out1_clk_wiz_0) and game_ctrl_inst/board_reg[2,0][0]/D (clocked by clk_out1_clk_wiz_0_1). Large setup violations at the end of those stages might be difficult to fix during the post-placement implementation flow and could be the result of non-optimal XDC constraints or non-optimal design architecture
Related violations: <none>

TIMING-16#32 Warning
Large setup violation  
There is a large setup violation of -17.980 ns between MOUSE_Y_POS_REG_reg[2]/C (clocked by clk_out1_clk_wiz_0) and game_ctrl_inst/board_reg[2,3][1]/D (clocked by clk_out1_clk_wiz_0_1). Large setup violations at the end of those stages might be difficult to fix during the post-placement implementation flow and could be the result of non-optimal XDC constraints or non-optimal design architecture
Related violations: <none>

TIMING-16#33 Warning
Large setup violation  
There is a large setup violation of -17.983 ns between MOUSE_Y_POS_REG_reg[2]/C (clocked by clk_out1_clk_wiz_0) and game_ctrl_inst/board_reg[2,3][0]/D (clocked by clk_out1_clk_wiz_0_1). Large setup violations at the end of those stages might be difficult to fix during the post-placement implementation flow and could be the result of non-optimal XDC constraints or non-optimal design architecture
Related violations: <none>

TIMING-16#34 Warning
Large setup violation  
There is a large setup violation of -17.989 ns between MOUSE_Y_POS_REG_reg[2]/C (clocked by clk_out1_clk_wiz_0) and game_ctrl_inst/board_reg[2,1][1]/D (clocked by clk_out1_clk_wiz_0). Large setup violations at the end of those stages might be difficult to fix during the post-placement implementation flow and could be the result of non-optimal XDC constraints or non-optimal design architecture
Related violations: <none>

TIMING-16#35 Warning
Large setup violation  
There is a large setup violation of -17.993 ns between MOUSE_Y_POS_REG_reg[2]/C (clocked by clk_out1_clk_wiz_0) and game_ctrl_inst/board_reg[0,0][0]/D (clocked by clk_out1_clk_wiz_0_1). Large setup violations at the end of those stages might be difficult to fix during the post-placement implementation flow and could be the result of non-optimal XDC constraints or non-optimal design architecture
Related violations: <none>

TIMING-16#36 Warning
Large setup violation  
There is a large setup violation of -17.994 ns between MOUSE_Y_POS_REG_reg[2]/C (clocked by clk_out1_clk_wiz_0) and game_ctrl_inst/board_reg[1,3][0]/D (clocked by clk_out1_clk_wiz_0_1). Large setup violations at the end of those stages might be difficult to fix during the post-placement implementation flow and could be the result of non-optimal XDC constraints or non-optimal design architecture
Related violations: <none>

TIMING-16#37 Warning
Large setup violation  
There is a large setup violation of -17.994 ns between MOUSE_Y_POS_REG_reg[2]/C (clocked by clk_out1_clk_wiz_0) and game_ctrl_inst/board_reg[2,1][0]/D (clocked by clk_out1_clk_wiz_0). Large setup violations at the end of those stages might be difficult to fix during the post-placement implementation flow and could be the result of non-optimal XDC constraints or non-optimal design architecture
Related violations: <none>

TIMING-16#38 Warning
Large setup violation  
There is a large setup violation of -17.999 ns between MOUSE_Y_POS_REG_reg[2]/C (clocked by clk_out1_clk_wiz_0) and game_ctrl_inst/board_reg[1,3][1]/D (clocked by clk_out1_clk_wiz_0_1). Large setup violations at the end of those stages might be difficult to fix during the post-placement implementation flow and could be the result of non-optimal XDC constraints or non-optimal design architecture
Related violations: <none>

TIMING-16#39 Warning
Large setup violation  
There is a large setup violation of -18.006 ns between MOUSE_Y_POS_REG_reg[2]/C (clocked by clk_out1_clk_wiz_0) and game_ctrl_inst/board_reg[3,3][0]/D (clocked by clk_out1_clk_wiz_0). Large setup violations at the end of those stages might be difficult to fix during the post-placement implementation flow and could be the result of non-optimal XDC constraints or non-optimal design architecture
Related violations: <none>

TIMING-16#40 Warning
Large setup violation  
There is a large setup violation of -18.007 ns between MOUSE_Y_POS_REG_reg[2]/C (clocked by clk_out1_clk_wiz_0) and game_ctrl_inst/board_reg[0,1][1]/D (clocked by clk_out1_clk_wiz_0). Large setup violations at the end of those stages might be difficult to fix during the post-placement implementation flow and could be the result of non-optimal XDC constraints or non-optimal design architecture
Related violations: <none>

TIMING-16#41 Warning
Large setup violation  
There is a large setup violation of -18.027 ns between MOUSE_Y_POS_REG_reg[2]/C (clocked by clk_out1_clk_wiz_0) and game_ctrl_inst/board_reg[3,3][1]/D (clocked by clk_out1_clk_wiz_0_1). Large setup violations at the end of those stages might be difficult to fix during the post-placement implementation flow and could be the result of non-optimal XDC constraints or non-optimal design architecture
Related violations: <none>

TIMING-16#42 Warning
Large setup violation  
There is a large setup violation of -18.034 ns between MOUSE_Y_POS_REG_reg[2]/C (clocked by clk_out1_clk_wiz_0) and game_ctrl_inst/board_reg[4,2][0]/D (clocked by clk_out1_clk_wiz_0_1). Large setup violations at the end of those stages might be difficult to fix during the post-placement implementation flow and could be the result of non-optimal XDC constraints or non-optimal design architecture
Related violations: <none>

TIMING-16#43 Warning
Large setup violation  
There is a large setup violation of -18.041 ns between MOUSE_Y_POS_REG_reg[2]/C (clocked by clk_out1_clk_wiz_0) and game_ctrl_inst/board_reg[1,4][0]/D (clocked by clk_out1_clk_wiz_0_1). Large setup violations at the end of those stages might be difficult to fix during the post-placement implementation flow and could be the result of non-optimal XDC constraints or non-optimal design architecture
Related violations: <none>

TIMING-16#44 Warning
Large setup violation  
There is a large setup violation of -18.043 ns between MOUSE_Y_POS_REG_reg[2]/C (clocked by clk_out1_clk_wiz_0) and game_ctrl_inst/board_reg[1,4][1]/D (clocked by clk_out1_clk_wiz_0_1). Large setup violations at the end of those stages might be difficult to fix during the post-placement implementation flow and could be the result of non-optimal XDC constraints or non-optimal design architecture
Related violations: <none>

TIMING-16#45 Warning
Large setup violation  
There is a large setup violation of -18.061 ns between MOUSE_Y_POS_REG_reg[2]/C (clocked by clk_out1_clk_wiz_0) and game_ctrl_inst/board_reg[2,2][0]/D (clocked by clk_out1_clk_wiz_0). Large setup violations at the end of those stages might be difficult to fix during the post-placement implementation flow and could be the result of non-optimal XDC constraints or non-optimal design architecture
Related violations: <none>

TIMING-16#46 Warning
Large setup violation  
There is a large setup violation of -18.066 ns between MOUSE_Y_POS_REG_reg[2]/C (clocked by clk_out1_clk_wiz_0) and game_ctrl_inst/board_reg[1,2][0]/D (clocked by clk_out1_clk_wiz_0_1). Large setup violations at the end of those stages might be difficult to fix during the post-placement implementation flow and could be the result of non-optimal XDC constraints or non-optimal design architecture
Related violations: <none>

TIMING-16#47 Warning
Large setup violation  
There is a large setup violation of -18.094 ns between MOUSE_Y_POS_REG_reg[2]/C (clocked by clk_out1_clk_wiz_0) and game_ctrl_inst/board_reg[0,1][0]/D (clocked by clk_out1_clk_wiz_0). Large setup violations at the end of those stages might be difficult to fix during the post-placement implementation flow and could be the result of non-optimal XDC constraints or non-optimal design architecture
Related violations: <none>

TIMING-16#48 Warning
Large setup violation  
There is a large setup violation of -18.101 ns between MOUSE_Y_POS_REG_reg[2]/C (clocked by clk_out1_clk_wiz_0) and game_ctrl_inst/board_reg[4,2][1]/D (clocked by clk_out1_clk_wiz_0_1). Large setup violations at the end of those stages might be difficult to fix during the post-placement implementation flow and could be the result of non-optimal XDC constraints or non-optimal design architecture
Related violations: <none>

TIMING-16#49 Warning
Large setup violation  
There is a large setup violation of -18.104 ns between MOUSE_Y_POS_REG_reg[2]/C (clocked by clk_out1_clk_wiz_0) and game_ctrl_inst/board_reg[1,2][1]/D (clocked by clk_out1_clk_wiz_0_1). Large setup violations at the end of those stages might be difficult to fix during the post-placement implementation flow and could be the result of non-optimal XDC constraints or non-optimal design architecture
Related violations: <none>

TIMING-16#50 Warning
Large setup violation  
There is a large setup violation of -18.117 ns between MOUSE_Y_POS_REG_reg[2]/C (clocked by clk_out1_clk_wiz_0) and game_ctrl_inst/board_reg[3,2][0]/D (clocked by clk_out1_clk_wiz_0). Large setup violations at the end of those stages might be difficult to fix during the post-placement implementation flow and could be the result of non-optimal XDC constraints or non-optimal design architecture
Related violations: <none>

TIMING-16#51 Warning
Large setup violation  
There is a large setup violation of -18.119 ns between MOUSE_Y_POS_REG_reg[2]/C (clocked by clk_out1_clk_wiz_0) and game_ctrl_inst/board_reg[3,2][1]/D (clocked by clk_out1_clk_wiz_0). Large setup violations at the end of those stages might be difficult to fix during the post-placement implementation flow and could be the result of non-optimal XDC constraints or non-optimal design architecture
Related violations: <none>

TIMING-16#52 Warning
Large setup violation  
There is a large setup violation of -18.154 ns between MOUSE_Y_POS_REG_reg[2]/C (clocked by clk_out1_clk_wiz_0) and game_ctrl_inst/board_reg[0,0][1]/D (clocked by clk_out1_clk_wiz_0_1). Large setup violations at the end of those stages might be difficult to fix during the post-placement implementation flow and could be the result of non-optimal XDC constraints or non-optimal design architecture
Related violations: <none>

TIMING-16#53 Warning
Large setup violation  
There is a large setup violation of -19.069 ns between v_cntr_reg_dly_reg[1]/C (clocked by clk_out1_clk_wiz_0) and vga_blue_reg_reg[2]_lopt_replica_2/D (clocked by clk_out1_clk_wiz_0). Large setup violations at the end of those stages might be difficult to fix during the post-placement implementation flow and could be the result of non-optimal XDC constraints or non-optimal design architecture
Related violations: <none>

TIMING-16#54 Warning
Large setup violation  
There is a large setup violation of -19.074 ns between v_cntr_reg_dly_reg[1]/C (clocked by clk_out1_clk_wiz_0) and vga_red_reg_reg[3]/D (clocked by clk_out1_clk_wiz_0_1). Large setup violations at the end of those stages might be difficult to fix during the post-placement implementation flow and could be the result of non-optimal XDC constraints or non-optimal design architecture
Related violations: <none>

TIMING-16#55 Warning
Large setup violation  
There is a large setup violation of -19.124 ns between v_cntr_reg_dly_reg[1]/C (clocked by clk_out1_clk_wiz_0) and vga_green_reg_reg[1]/D (clocked by clk_out1_clk_wiz_0). Large setup violations at the end of those stages might be difficult to fix during the post-placement implementation flow and could be the result of non-optimal XDC constraints or non-optimal design architecture
Related violations: <none>

TIMING-16#56 Warning
Large setup violation  
There is a large setup violation of -19.201 ns between v_cntr_reg_dly_reg[1]/C (clocked by clk_out1_clk_wiz_0) and vga_blue_reg_reg[3]/D (clocked by clk_out1_clk_wiz_0). Large setup violations at the end of those stages might be difficult to fix during the post-placement implementation flow and could be the result of non-optimal XDC constraints or non-optimal design architecture
Related violations: <none>

TIMING-16#57 Warning
Large setup violation  
There is a large setup violation of -19.344 ns between v_cntr_reg_dly_reg[1]/C (clocked by clk_out1_clk_wiz_0) and vga_red_reg_reg[2]_lopt_replica_2/D (clocked by clk_out1_clk_wiz_0). Large setup violations at the end of those stages might be difficult to fix during the post-placement implementation flow and could be the result of non-optimal XDC constraints or non-optimal design architecture
Related violations: <none>

TIMING-16#58 Warning
Large setup violation  
There is a large setup violation of -19.372 ns between v_cntr_reg_dly_reg[1]/C (clocked by clk_out1_clk_wiz_0) and vga_blue_reg_reg[2]_lopt_replica/D (clocked by clk_out1_clk_wiz_0). Large setup violations at the end of those stages might be difficult to fix during the post-placement implementation flow and could be the result of non-optimal XDC constraints or non-optimal design architecture
Related violations: <none>

TIMING-16#59 Warning
Large setup violation  
There is a large setup violation of -19.479 ns between v_cntr_reg_dly_reg[1]/C (clocked by clk_out1_clk_wiz_0) and vga_green_reg_reg[3]/D (clocked by clk_out1_clk_wiz_0_1). Large setup violations at the end of those stages might be difficult to fix during the post-placement implementation flow and could be the result of non-optimal XDC constraints or non-optimal design architecture
Related violations: <none>

TIMING-16#60 Warning
Large setup violation  
There is a large setup violation of -19.521 ns between v_cntr_reg_dly_reg[1]/C (clocked by clk_out1_clk_wiz_0) and vga_blue_reg_reg[2]/D (clocked by clk_out1_clk_wiz_0_1). Large setup violations at the end of those stages might be difficult to fix during the post-placement implementation flow and could be the result of non-optimal XDC constraints or non-optimal design architecture
Related violations: <none>

TIMING-16#61 Warning
Large setup violation  
There is a large setup violation of -19.531 ns between v_cntr_reg_dly_reg[1]/C (clocked by clk_out1_clk_wiz_0) and vga_green_reg_reg[2]/D (clocked by clk_out1_clk_wiz_0). Large setup violations at the end of those stages might be difficult to fix during the post-placement implementation flow and could be the result of non-optimal XDC constraints or non-optimal design architecture
Related violations: <none>

TIMING-16#62 Warning
Large setup violation  
There is a large setup violation of -19.532 ns between v_cntr_reg_dly_reg[1]/C (clocked by clk_out1_clk_wiz_0) and vga_green_reg_reg[2]_lopt_replica/D (clocked by clk_out1_clk_wiz_0). Large setup violations at the end of those stages might be difficult to fix during the post-placement implementation flow and could be the result of non-optimal XDC constraints or non-optimal design architecture
Related violations: <none>

TIMING-16#63 Warning
Large setup violation  
There is a large setup violation of -19.726 ns between v_cntr_reg_dly_reg[1]/C (clocked by clk_out1_clk_wiz_0) and vga_red_reg_reg[2]/D (clocked by clk_out1_clk_wiz_0). Large setup violations at the end of those stages might be difficult to fix during the post-placement implementation flow and could be the result of non-optimal XDC constraints or non-optimal design architecture
Related violations: <none>

TIMING-16#64 Warning
Large setup violation  
There is a large setup violation of -19.740 ns between v_cntr_reg_dly_reg[1]/C (clocked by clk_out1_clk_wiz_0) and vga_red_reg_reg[2]_lopt_replica/D (clocked by clk_out1_clk_wiz_0_1). Large setup violations at the end of those stages might be difficult to fix during the post-placement implementation flow and could be the result of non-optimal XDC constraints or non-optimal design architecture
Related violations: <none>

TIMING-20#1 Warning
Non-clocked latch  
The latch piece_render_inst/piece_x_reg[10] cannot be properly analyzed as its control pin piece_render_inst/piece_x_reg[10]/G is not reached by a timing clock
Related violations: <none>

TIMING-20#2 Warning
Non-clocked latch  
The latch piece_render_inst/piece_x_reg[11] cannot be properly analyzed as its control pin piece_render_inst/piece_x_reg[11]/G is not reached by a timing clock
Related violations: <none>

TIMING-20#3 Warning
Non-clocked latch  
The latch piece_render_inst/piece_x_reg[12] cannot be properly analyzed as its control pin piece_render_inst/piece_x_reg[12]/G is not reached by a timing clock
Related violations: <none>

TIMING-20#4 Warning
Non-clocked latch  
The latch piece_render_inst/piece_x_reg[13] cannot be properly analyzed as its control pin piece_render_inst/piece_x_reg[13]/G is not reached by a timing clock
Related violations: <none>

TIMING-20#5 Warning
Non-clocked latch  
The latch piece_render_inst/piece_x_reg[14] cannot be properly analyzed as its control pin piece_render_inst/piece_x_reg[14]/G is not reached by a timing clock
Related violations: <none>

TIMING-20#6 Warning
Non-clocked latch  
The latch piece_render_inst/piece_x_reg[15] cannot be properly analyzed as its control pin piece_render_inst/piece_x_reg[15]/G is not reached by a timing clock
Related violations: <none>

TIMING-20#7 Warning
Non-clocked latch  
The latch piece_render_inst/piece_x_reg[16] cannot be properly analyzed as its control pin piece_render_inst/piece_x_reg[16]/G is not reached by a timing clock
Related violations: <none>

TIMING-20#8 Warning
Non-clocked latch  
The latch piece_render_inst/piece_x_reg[17] cannot be properly analyzed as its control pin piece_render_inst/piece_x_reg[17]/G is not reached by a timing clock
Related violations: <none>

TIMING-20#9 Warning
Non-clocked latch  
The latch piece_render_inst/piece_x_reg[18] cannot be properly analyzed as its control pin piece_render_inst/piece_x_reg[18]/G is not reached by a timing clock
Related violations: <none>

TIMING-20#10 Warning
Non-clocked latch  
The latch piece_render_inst/piece_x_reg[19] cannot be properly analyzed as its control pin piece_render_inst/piece_x_reg[19]/G is not reached by a timing clock
Related violations: <none>

TIMING-20#11 Warning
Non-clocked latch  
The latch piece_render_inst/piece_x_reg[20] cannot be properly analyzed as its control pin piece_render_inst/piece_x_reg[20]/G is not reached by a timing clock
Related violations: <none>

TIMING-20#12 Warning
Non-clocked latch  
The latch piece_render_inst/piece_x_reg[21] cannot be properly analyzed as its control pin piece_render_inst/piece_x_reg[21]/G is not reached by a timing clock
Related violations: <none>

TIMING-20#13 Warning
Non-clocked latch  
The latch piece_render_inst/piece_x_reg[22] cannot be properly analyzed as its control pin piece_render_inst/piece_x_reg[22]/G is not reached by a timing clock
Related violations: <none>

TIMING-20#14 Warning
Non-clocked latch  
The latch piece_render_inst/piece_x_reg[23] cannot be properly analyzed as its control pin piece_render_inst/piece_x_reg[23]/G is not reached by a timing clock
Related violations: <none>

TIMING-20#15 Warning
Non-clocked latch  
The latch piece_render_inst/piece_x_reg[24] cannot be properly analyzed as its control pin piece_render_inst/piece_x_reg[24]/G is not reached by a timing clock
Related violations: <none>

TIMING-20#16 Warning
Non-clocked latch  
The latch piece_render_inst/piece_x_reg[25] cannot be properly analyzed as its control pin piece_render_inst/piece_x_reg[25]/G is not reached by a timing clock
Related violations: <none>

TIMING-20#17 Warning
Non-clocked latch  
The latch piece_render_inst/piece_x_reg[26] cannot be properly analyzed as its control pin piece_render_inst/piece_x_reg[26]/G is not reached by a timing clock
Related violations: <none>

TIMING-20#18 Warning
Non-clocked latch  
The latch piece_render_inst/piece_x_reg[27] cannot be properly analyzed as its control pin piece_render_inst/piece_x_reg[27]/G is not reached by a timing clock
Related violations: <none>

TIMING-20#19 Warning
Non-clocked latch  
The latch piece_render_inst/piece_x_reg[28] cannot be properly analyzed as its control pin piece_render_inst/piece_x_reg[28]/G is not reached by a timing clock
Related violations: <none>

TIMING-20#20 Warning
Non-clocked latch  
The latch piece_render_inst/piece_x_reg[29] cannot be properly analyzed as its control pin piece_render_inst/piece_x_reg[29]/G is not reached by a timing clock
Related violations: <none>

TIMING-20#21 Warning
Non-clocked latch  
The latch piece_render_inst/piece_x_reg[2] cannot be properly analyzed as its control pin piece_render_inst/piece_x_reg[2]/G is not reached by a timing clock
Related violations: <none>

TIMING-20#22 Warning
Non-clocked latch  
The latch piece_render_inst/piece_x_reg[30] cannot be properly analyzed as its control pin piece_render_inst/piece_x_reg[30]/G is not reached by a timing clock
Related violations: <none>

TIMING-20#23 Warning
Non-clocked latch  
The latch piece_render_inst/piece_x_reg[31] cannot be properly analyzed as its control pin piece_render_inst/piece_x_reg[31]/G is not reached by a timing clock
Related violations: <none>

TIMING-20#24 Warning
Non-clocked latch  
The latch piece_render_inst/piece_x_reg[3] cannot be properly analyzed as its control pin piece_render_inst/piece_x_reg[3]/G is not reached by a timing clock
Related violations: <none>

TIMING-20#25 Warning
Non-clocked latch  
The latch piece_render_inst/piece_x_reg[4] cannot be properly analyzed as its control pin piece_render_inst/piece_x_reg[4]/G is not reached by a timing clock
Related violations: <none>

TIMING-20#26 Warning
Non-clocked latch  
The latch piece_render_inst/piece_x_reg[5] cannot be properly analyzed as its control pin piece_render_inst/piece_x_reg[5]/G is not reached by a timing clock
Related violations: <none>

TIMING-20#27 Warning
Non-clocked latch  
The latch piece_render_inst/piece_x_reg[6] cannot be properly analyzed as its control pin piece_render_inst/piece_x_reg[6]/G is not reached by a timing clock
Related violations: <none>

TIMING-20#28 Warning
Non-clocked latch  
The latch piece_render_inst/piece_x_reg[7] cannot be properly analyzed as its control pin piece_render_inst/piece_x_reg[7]/G is not reached by a timing clock
Related violations: <none>

TIMING-20#29 Warning
Non-clocked latch  
The latch piece_render_inst/piece_x_reg[8] cannot be properly analyzed as its control pin piece_render_inst/piece_x_reg[8]/G is not reached by a timing clock
Related violations: <none>

TIMING-20#30 Warning
Non-clocked latch  
The latch piece_render_inst/piece_x_reg[9] cannot be properly analyzed as its control pin piece_render_inst/piece_x_reg[9]/G is not reached by a timing clock
Related violations: <none>

TIMING-20#31 Warning
Non-clocked latch  
The latch piece_render_inst/piece_y_reg[10] cannot be properly analyzed as its control pin piece_render_inst/piece_y_reg[10]/G is not reached by a timing clock
Related violations: <none>

TIMING-20#32 Warning
Non-clocked latch  
The latch piece_render_inst/piece_y_reg[11] cannot be properly analyzed as its control pin piece_render_inst/piece_y_reg[11]/G is not reached by a timing clock
Related violations: <none>

TIMING-20#33 Warning
Non-clocked latch  
The latch piece_render_inst/piece_y_reg[12] cannot be properly analyzed as its control pin piece_render_inst/piece_y_reg[12]/G is not reached by a timing clock
Related violations: <none>

TIMING-20#34 Warning
Non-clocked latch  
The latch piece_render_inst/piece_y_reg[13] cannot be properly analyzed as its control pin piece_render_inst/piece_y_reg[13]/G is not reached by a timing clock
Related violations: <none>

TIMING-20#35 Warning
Non-clocked latch  
The latch piece_render_inst/piece_y_reg[14] cannot be properly analyzed as its control pin piece_render_inst/piece_y_reg[14]/G is not reached by a timing clock
Related violations: <none>

TIMING-20#36 Warning
Non-clocked latch  
The latch piece_render_inst/piece_y_reg[15] cannot be properly analyzed as its control pin piece_render_inst/piece_y_reg[15]/G is not reached by a timing clock
Related violations: <none>

TIMING-20#37 Warning
Non-clocked latch  
The latch piece_render_inst/piece_y_reg[16] cannot be properly analyzed as its control pin piece_render_inst/piece_y_reg[16]/G is not reached by a timing clock
Related violations: <none>

TIMING-20#38 Warning
Non-clocked latch  
The latch piece_render_inst/piece_y_reg[17] cannot be properly analyzed as its control pin piece_render_inst/piece_y_reg[17]/G is not reached by a timing clock
Related violations: <none>

TIMING-20#39 Warning
Non-clocked latch  
The latch piece_render_inst/piece_y_reg[18] cannot be properly analyzed as its control pin piece_render_inst/piece_y_reg[18]/G is not reached by a timing clock
Related violations: <none>

TIMING-20#40 Warning
Non-clocked latch  
The latch piece_render_inst/piece_y_reg[19] cannot be properly analyzed as its control pin piece_render_inst/piece_y_reg[19]/G is not reached by a timing clock
Related violations: <none>

TIMING-20#41 Warning
Non-clocked latch  
The latch piece_render_inst/piece_y_reg[20] cannot be properly analyzed as its control pin piece_render_inst/piece_y_reg[20]/G is not reached by a timing clock
Related violations: <none>

TIMING-20#42 Warning
Non-clocked latch  
The latch piece_render_inst/piece_y_reg[21] cannot be properly analyzed as its control pin piece_render_inst/piece_y_reg[21]/G is not reached by a timing clock
Related violations: <none>

TIMING-20#43 Warning
Non-clocked latch  
The latch piece_render_inst/piece_y_reg[22] cannot be properly analyzed as its control pin piece_render_inst/piece_y_reg[22]/G is not reached by a timing clock
Related violations: <none>

TIMING-20#44 Warning
Non-clocked latch  
The latch piece_render_inst/piece_y_reg[23] cannot be properly analyzed as its control pin piece_render_inst/piece_y_reg[23]/G is not reached by a timing clock
Related violations: <none>

TIMING-20#45 Warning
Non-clocked latch  
The latch piece_render_inst/piece_y_reg[24] cannot be properly analyzed as its control pin piece_render_inst/piece_y_reg[24]/G is not reached by a timing clock
Related violations: <none>

TIMING-20#46 Warning
Non-clocked latch  
The latch piece_render_inst/piece_y_reg[25] cannot be properly analyzed as its control pin piece_render_inst/piece_y_reg[25]/G is not reached by a timing clock
Related violations: <none>

TIMING-20#47 Warning
Non-clocked latch  
The latch piece_render_inst/piece_y_reg[26] cannot be properly analyzed as its control pin piece_render_inst/piece_y_reg[26]/G is not reached by a timing clock
Related violations: <none>

TIMING-20#48 Warning
Non-clocked latch  
The latch piece_render_inst/piece_y_reg[27] cannot be properly analyzed as its control pin piece_render_inst/piece_y_reg[27]/G is not reached by a timing clock
Related violations: <none>

TIMING-20#49 Warning
Non-clocked latch  
The latch piece_render_inst/piece_y_reg[28] cannot be properly analyzed as its control pin piece_render_inst/piece_y_reg[28]/G is not reached by a timing clock
Related violations: <none>

TIMING-20#50 Warning
Non-clocked latch  
The latch piece_render_inst/piece_y_reg[29] cannot be properly analyzed as its control pin piece_render_inst/piece_y_reg[29]/G is not reached by a timing clock
Related violations: <none>

TIMING-20#51 Warning
Non-clocked latch  
The latch piece_render_inst/piece_y_reg[2] cannot be properly analyzed as its control pin piece_render_inst/piece_y_reg[2]/G is not reached by a timing clock
Related violations: <none>

TIMING-20#52 Warning
Non-clocked latch  
The latch piece_render_inst/piece_y_reg[30] cannot be properly analyzed as its control pin piece_render_inst/piece_y_reg[30]/G is not reached by a timing clock
Related violations: <none>

TIMING-20#53 Warning
Non-clocked latch  
The latch piece_render_inst/piece_y_reg[31] cannot be properly analyzed as its control pin piece_render_inst/piece_y_reg[31]/G is not reached by a timing clock
Related violations: <none>

TIMING-20#54 Warning
Non-clocked latch  
The latch piece_render_inst/piece_y_reg[3] cannot be properly analyzed as its control pin piece_render_inst/piece_y_reg[3]/G is not reached by a timing clock
Related violations: <none>

TIMING-20#55 Warning
Non-clocked latch  
The latch piece_render_inst/piece_y_reg[4] cannot be properly analyzed as its control pin piece_render_inst/piece_y_reg[4]/G is not reached by a timing clock
Related violations: <none>

TIMING-20#56 Warning
Non-clocked latch  
The latch piece_render_inst/piece_y_reg[5] cannot be properly analyzed as its control pin piece_render_inst/piece_y_reg[5]/G is not reached by a timing clock
Related violations: <none>

TIMING-20#57 Warning
Non-clocked latch  
The latch piece_render_inst/piece_y_reg[6] cannot be properly analyzed as its control pin piece_render_inst/piece_y_reg[6]/G is not reached by a timing clock
Related violations: <none>

TIMING-20#58 Warning
Non-clocked latch  
The latch piece_render_inst/piece_y_reg[7] cannot be properly analyzed as its control pin piece_render_inst/piece_y_reg[7]/G is not reached by a timing clock
Related violations: <none>

TIMING-20#59 Warning
Non-clocked latch  
The latch piece_render_inst/piece_y_reg[8] cannot be properly analyzed as its control pin piece_render_inst/piece_y_reg[8]/G is not reached by a timing clock
Related violations: <none>

TIMING-20#60 Warning
Non-clocked latch  
The latch piece_render_inst/piece_y_reg[9] cannot be properly analyzed as its control pin piece_render_inst/piece_y_reg[9]/G is not reached by a timing clock
Related violations: <none>

TIMING-56#1 Warning
Missing logically or physically excluded clock groups constraint  
Multiple clocks are user generated or auto-derived on the source pin clk_wiz_0_inst/inst/mmcm_adv_inst/CLKFBOUT but are not logically or physically exclusive with respect to one another. To have the static timing analysis match the behavior in hardware, there cannot be multiple clocks generated on the same pin and when such situation occurs, the clocks should be defined as physically or logically exclusive. The list of clocks generated on the source pin is: clkfbout_clk_wiz_0, clkfbout_clk_wiz_0_1
Related violations: <none>

TIMING-56#2 Warning
Missing logically or physically excluded clock groups constraint  
Multiple clocks are user generated or auto-derived on the source pin clk_wiz_0_inst/inst/mmcm_adv_inst/CLKOUT0 but are not logically or physically exclusive with respect to one another. To have the static timing analysis match the behavior in hardware, there cannot be multiple clocks generated on the same pin and when such situation occurs, the clocks should be defined as physically or logically exclusive. The list of clocks generated on the source pin is: clk_out1_clk_wiz_0, clk_out1_clk_wiz_0_1
Related violations: <none>


